2022-03-18 00:30:29.557  INFO 27916 --- [restartedMain] .s.d.r.c.RepositoryConfigurationDelegate : Bootstrapping Spring Data JPA repositories in DEFAULT mode.
2022-03-18 00:30:29.741  INFO 27916 --- [restartedMain] .s.d.r.c.RepositoryConfigurationDelegate : Finished Spring Data repository scanning in 166 ms. Found 11 JPA repository interfaces.
2022-03-18 00:30:31.705  INFO 27916 --- [restartedMain] o.s.b.w.embedded.tomcat.TomcatWebServer  : Tomcat initialized with port(s): 8080 (http)
2022-03-18 00:30:31.723  INFO 27916 --- [restartedMain] o.apache.catalina.core.StandardService   : Starting service [Tomcat]
2022-03-18 00:30:31.737  INFO 27916 --- [restartedMain] org.apache.catalina.core.StandardEngine  : Starting Servlet engine: [Apache Tomcat/9.0.58]
2022-03-18 00:30:31.931  INFO 27916 --- [restartedMain] o.a.c.c.C.[.[localhost].[/MollaAdmin]    : Initializing Spring embedded WebApplicationContext
2022-03-18 00:30:31.932  INFO 27916 --- [restartedMain] w.s.c.ServletWebServerApplicationContext : Root WebApplicationContext: initialization completed in 3415 ms
2022-03-18 00:30:32.192  INFO 27916 --- [restartedMain] o.hibernate.jpa.internal.util.LogHelper  : HHH000204: Processing PersistenceUnitInfo [name: default]
2022-03-18 00:30:32.254  INFO 27916 --- [restartedMain] org.hibernate.Version                    : HHH000412: Hibernate ORM core version 5.6.5.Final
2022-03-18 00:30:32.450  INFO 27916 --- [restartedMain] o.hibernate.annotations.common.Version   : HCANN000001: Hibernate Commons Annotations {5.1.2.Final}
2022-03-18 00:30:32.632  INFO 27916 --- [restartedMain] com.zaxxer.hikari.HikariDataSource       : HikariPool-1 - Starting...
2022-03-18 00:30:32.867  INFO 27916 --- [restartedMain] com.zaxxer.hikari.HikariDataSource       : HikariPool-1 - Start completed.
2022-03-18 00:30:32.894  INFO 27916 --- [restartedMain] org.hibernate.dialect.Dialect            : HHH000400: Using dialect: org.hibernate.dialect.MySQL8Dialect
2022-03-18 00:30:34.596  INFO 27916 --- [restartedMain] o.h.e.t.j.p.i.JtaPlatformInitiator       : HHH000490: Using JtaPlatform implementation: [org.hibernate.engine.transaction.jta.platform.internal.NoJtaPlatform]
2022-03-18 00:30:34.606  INFO 27916 --- [restartedMain] j.LocalContainerEntityManagerFactoryBean : Initialized JPA EntityManagerFactory for persistence unit 'default'
2022-03-18 00:30:34.680  WARN 27916 --- [restartedMain] JpaBaseConfiguration$JpaWebConfiguration : spring.jpa.open-in-view is enabled by default. Therefore, database queries may be performed during view rendering. Explicitly configure spring.jpa.open-in-view to disable this warning
2022-03-18 00:30:35.804  WARN 27916 --- [restartedMain] o.s.s.c.a.web.builders.WebSecurity       : You are asking Spring Security to ignore Ant [pattern='/images/**']. This is not recommended -- please use permitAll via HttpSecurity#authorizeHttpRequests instead.
2022-03-18 00:30:35.805  INFO 27916 --- [restartedMain] o.s.s.web.DefaultSecurityFilterChain     : Will secure Ant [pattern='/images/**'] with []
2022-03-18 00:30:35.805  WARN 27916 --- [restartedMain] o.s.s.c.a.web.builders.WebSecurity       : You are asking Spring Security to ignore Ant [pattern='/js/**']. This is not recommended -- please use permitAll via HttpSecurity#authorizeHttpRequests instead.
2022-03-18 00:30:35.805  INFO 27916 --- [restartedMain] o.s.s.web.DefaultSecurityFilterChain     : Will secure Ant [pattern='/js/**'] with []
2022-03-18 00:30:35.805  WARN 27916 --- [restartedMain] o.s.s.c.a.web.builders.WebSecurity       : You are asking Spring Security to ignore Ant [pattern='/webjars/**']. This is not recommended -- please use permitAll via HttpSecurity#authorizeHttpRequests instead.
2022-03-18 00:30:35.805  INFO 27916 --- [restartedMain] o.s.s.web.DefaultSecurityFilterChain     : Will secure Ant [pattern='/webjars/**'] with []
2022-03-18 00:30:35.805  WARN 27916 --- [restartedMain] o.s.s.c.a.web.builders.WebSecurity       : You are asking Spring Security to ignore Ant [pattern='/css/**']. This is not recommended -- please use permitAll via HttpSecurity#authorizeHttpRequests instead.
2022-03-18 00:30:35.806  INFO 27916 --- [restartedMain] o.s.s.web.DefaultSecurityFilterChain     : Will secure Ant [pattern='/css/**'] with []
2022-03-18 00:30:35.850  INFO 27916 --- [restartedMain] o.s.s.web.DefaultSecurityFilterChain     : Will not secure any request
2022-03-18 00:30:36.207  INFO 27916 --- [restartedMain] o.s.b.a.w.s.WelcomePageHandlerMapping    : Adding welcome page template: index
2022-03-18 00:30:37.772  WARN 27916 --- [restartedMain] o.s.b.d.a.OptionalLiveReloadServer       : Unable to start LiveReload server
2022-03-18 00:30:37.900  INFO 27916 --- [restartedMain] o.s.b.w.embedded.tomcat.TomcatWebServer  : Tomcat started on port(s): 8080 (http) with context path '/MollaAdmin'
2022-03-18 00:30:37.921  INFO 27916 --- [restartedMain] com.molla.admin.MollaBackEndApplication  : Started MollaBackEndApplication in 10.627 seconds (JVM running for 13.73)
2022-03-18 00:30:49.511  INFO 27916 --- [http-nio-8080-exec-1] o.a.c.c.C.[.[localhost].[/MollaAdmin]    : Initializing Spring DispatcherServlet 'dispatcherServlet'
2022-03-18 00:30:49.513  INFO 27916 --- [http-nio-8080-exec-1] o.s.web.servlet.DispatcherServlet        : Initializing Servlet 'dispatcherServlet'
2022-03-18 00:30:49.514  INFO 27916 --- [http-nio-8080-exec-1] o.s.web.servlet.DispatcherServlet        : Completed initialization in 1 ms
2022-03-18 00:30:49.899  WARN 27916 --- [http-nio-8080-exec-1] o.a.c.util.SessionIdGeneratorBase        : Creation of SecureRandom instance for session ID generation using [SHA1PRNG] took [175] milliseconds.
2022-03-18 00:30:49.926  INFO 27916 --- [http-nio-8080-exec-1] c.m.a.controller.ShippingRateController  : ShippingRateController | listFirstPage is called
2022-03-18 00:30:49.956  INFO 27916 --- [http-nio-8080-exec-2] c.m.a.p.PagingAndSortingArgumentResolver : PagingAndSortingArgumentResolver | resolveArgument | sortField : country
2022-03-18 00:30:49.956  INFO 27916 --- [http-nio-8080-exec-2] c.m.a.p.PagingAndSortingArgumentResolver : PagingAndSortingArgumentResolver | resolveArgument | sortDir : asc
2022-03-18 00:30:49.956  INFO 27916 --- [http-nio-8080-exec-2] c.m.a.p.PagingAndSortingArgumentResolver : PagingAndSortingArgumentResolver | resolveArgument | reverseSortDir : desc
2022-03-18 00:30:49.956  INFO 27916 --- [http-nio-8080-exec-2] c.m.a.p.PagingAndSortingArgumentResolver : PagingAndSortingArgumentResolver | resolveArgument | keyword : null
2022-03-18 00:30:49.958  INFO 27916 --- [http-nio-8080-exec-2] c.m.a.p.PagingAndSortingArgumentResolver : PagingAndSortingArgumentResolver | resolveArgument | moduleURL : /shipping_rates
2022-03-18 00:30:49.966  INFO 27916 --- [http-nio-8080-exec-2] c.m.a.controller.ShippingRateController  : ShippingRateController | listByPage is called
2022-03-18 00:30:49.967  INFO 27916 --- [http-nio-8080-exec-2] c.m.a.controller.ShippingRateController  : ShippingRateController | listByPage | helper : com.molla.admin.paging.PagingAndSortingHelper@1e90cf13
2022-03-18 00:30:49.969  INFO 27916 --- [http-nio-8080-exec-2] c.m.a.controller.ShippingRateController  : ShippingRateController | listByPage | pageNum : 1
2022-03-18 00:30:49.987  INFO 27916 --- [http-nio-8080-exec-2] c.m.admin.paging.PagingAndSortingHelper  : PagingAndSortingArgumentResolver | listEntities is started
2022-03-18 00:30:49.988  INFO 27916 --- [http-nio-8080-exec-2] c.m.admin.paging.PagingAndSortingHelper  : PagingAndSortingArgumentResolver | createPageable is started
2022-03-18 00:30:49.989  INFO 27916 --- [http-nio-8080-exec-2] c.m.admin.paging.PagingAndSortingHelper  : PagingAndSortingArgumentResolver | createPageable | sort : country: ASC
2022-03-18 00:30:49.989  INFO 27916 --- [http-nio-8080-exec-2] c.m.admin.paging.PagingAndSortingHelper  : PagingAndSortingArgumentResolver | createPageable | pageNum - 1 : 0
2022-03-18 00:30:49.990  INFO 27916 --- [http-nio-8080-exec-2] c.m.admin.paging.PagingAndSortingHelper  : PagingAndSortingArgumentResolver | createPageable | pageSize : 10
2022-03-18 00:30:50.014  INFO 27916 --- [http-nio-8080-exec-2] c.m.admin.paging.PagingAndSortingHelper  : PagingAndSortingArgumentResolver | listEntities | page : Page 1 of 0 containing UNKNOWN instances
2022-03-18 00:30:50.014  INFO 27916 --- [http-nio-8080-exec-2] c.m.admin.paging.PagingAndSortingHelper  : PagingAndSortingArgumentResolver | listEntities | pageNum : 1
2022-03-18 00:30:50.014  INFO 27916 --- [http-nio-8080-exec-2] c.m.admin.paging.PagingAndSortingHelper  : PagingAndSortingArgumentResolver | updateModelAttributes is started
2022-03-18 00:30:50.016  INFO 27916 --- [http-nio-8080-exec-2] c.m.admin.paging.PagingAndSortingHelper  : PagingAndSortingArgumentResolver | updateModelAttributes | startCount : 1
2022-03-18 00:30:50.017  INFO 27916 --- [http-nio-8080-exec-2] c.m.admin.paging.PagingAndSortingHelper  : PagingAndSortingArgumentResolver | updateModelAttributes | endCount : 10
2022-03-18 00:30:50.017  INFO 27916 --- [http-nio-8080-exec-2] c.m.admin.paging.PagingAndSortingHelper  : PagingAndSortingArgumentResolver | updateModelAttributes | page.getTotalElements() : 0
2022-03-18 00:30:50.017  INFO 27916 --- [http-nio-8080-exec-2] c.m.admin.paging.PagingAndSortingHelper  : PagingAndSortingArgumentResolver | updateModelAttributes | endCount : 0
2022-03-18 00:30:50.018  INFO 27916 --- [http-nio-8080-exec-2] c.m.admin.paging.PagingAndSortingHelper  : PagingAndSortingArgumentResolver | updateModelAttributes | currentPage : 1
2022-03-18 00:30:50.018  INFO 27916 --- [http-nio-8080-exec-2] c.m.admin.paging.PagingAndSortingHelper  : PagingAndSortingArgumentResolver | updateModelAttributes | totalPages : 0
2022-03-18 00:30:50.018  INFO 27916 --- [http-nio-8080-exec-2] c.m.admin.paging.PagingAndSortingHelper  : PagingAndSortingArgumentResolver | updateModelAttributes | totalItems : 0
2022-03-18 00:30:50.019  INFO 27916 --- [http-nio-8080-exec-2] c.m.admin.paging.PagingAndSortingHelper  : PagingAndSortingArgumentResolver | updateModelAttributes | listName : []
2022-03-18 00:30:53.513  INFO 27916 --- [http-nio-8080-exec-2] c.m.a.controller.ShippingRateController  : ShippingRateController | newRate is called
2022-03-18 00:30:53.559  INFO 27916 --- [http-nio-8080-exec-2] c.m.a.controller.ShippingRateController  : ShippingRateController | newRate | listCountries : [Country [id=1, name=Egypt, code=EG], Country [id=2, name=Saudi Arabia, code=KSA]]
2022-03-18 00:30:53.859  INFO 27916 --- [http-nio-8080-exec-3] c.m.a.controller.StateRestController     : StateRestController | listByCountry is called
2022-03-18 00:30:53.860  INFO 27916 --- [http-nio-8080-exec-3] c.m.a.controller.StateRestController     : StateRestController | listByCountry | countryId : 1
2022-03-18 00:30:53.912  INFO 27916 --- [http-nio-8080-exec-3] c.m.a.controller.StateRestController     : StateRestController | listByCountry | listStates.size() : 5
2022-03-18 00:30:53.935  INFO 27916 --- [http-nio-8080-exec-3] c.m.a.controller.StateRestController     : StateRestController | listByCountry | result : [StateDTO [id=2, name=Alexandria], StateDTO [id=1, name=Cairo], StateDTO [id=4, name=Gharbia], StateDTO [id=5, name=Giza], StateDTO [id=3, name=Monufia]]
2022-03-18 00:31:09.547  INFO 27916 --- [http-nio-8080-exec-8] c.m.a.controller.ShippingRateController  : ShippingRateController | saveRate is called
2022-03-18 00:31:09.614  INFO 27916 --- [http-nio-8080-exec-8] c.m.a.controller.ShippingRateController  : ShippingRateController | saveRate | message : The shipping rate has been saved successfully.
2022-03-18 00:31:09.625  INFO 27916 --- [http-nio-8080-exec-9] c.m.a.p.PagingAndSortingArgumentResolver : PagingAndSortingArgumentResolver | resolveArgument | sortField : country
2022-03-18 00:31:09.626  INFO 27916 --- [http-nio-8080-exec-9] c.m.a.p.PagingAndSortingArgumentResolver : PagingAndSortingArgumentResolver | resolveArgument | sortDir : asc
2022-03-18 00:31:09.626  INFO 27916 --- [http-nio-8080-exec-9] c.m.a.p.PagingAndSortingArgumentResolver : PagingAndSortingArgumentResolver | resolveArgument | reverseSortDir : desc
2022-03-18 00:31:09.626  INFO 27916 --- [http-nio-8080-exec-9] c.m.a.p.PagingAndSortingArgumentResolver : PagingAndSortingArgumentResolver | resolveArgument | keyword : null
2022-03-18 00:31:09.626  INFO 27916 --- [http-nio-8080-exec-9] c.m.a.p.PagingAndSortingArgumentResolver : PagingAndSortingArgumentResolver | resolveArgument | moduleURL : /shipping_rates
2022-03-18 00:31:09.626  INFO 27916 --- [http-nio-8080-exec-9] c.m.a.controller.ShippingRateController  : ShippingRateController | listByPage is called
2022-03-18 00:31:09.626  INFO 27916 --- [http-nio-8080-exec-9] c.m.a.controller.ShippingRateController  : ShippingRateController | listByPage | helper : com.molla.admin.paging.PagingAndSortingHelper@47948e5c
2022-03-18 00:31:09.626  INFO 27916 --- [http-nio-8080-exec-9] c.m.a.controller.ShippingRateController  : ShippingRateController | listByPage | pageNum : 1
2022-03-18 00:31:09.627  INFO 27916 --- [http-nio-8080-exec-9] c.m.admin.paging.PagingAndSortingHelper  : PagingAndSortingArgumentResolver | listEntities is started
2022-03-18 00:31:09.627  INFO 27916 --- [http-nio-8080-exec-9] c.m.admin.paging.PagingAndSortingHelper  : PagingAndSortingArgumentResolver | createPageable is started
2022-03-18 00:31:09.627  INFO 27916 --- [http-nio-8080-exec-9] c.m.admin.paging.PagingAndSortingHelper  : PagingAndSortingArgumentResolver | createPageable | sort : country: ASC
2022-03-18 00:31:09.628  INFO 27916 --- [http-nio-8080-exec-9] c.m.admin.paging.PagingAndSortingHelper  : PagingAndSortingArgumentResolver | createPageable | pageNum - 1 : 0
2022-03-18 00:31:09.628  INFO 27916 --- [http-nio-8080-exec-9] c.m.admin.paging.PagingAndSortingHelper  : PagingAndSortingArgumentResolver | createPageable | pageSize : 10
2022-03-18 00:31:09.632  INFO 27916 --- [http-nio-8080-exec-9] c.m.admin.paging.PagingAndSortingHelper  : PagingAndSortingArgumentResolver | listEntities | page : Page 1 of 1 containing com.molla.common.entity.ShippingRate instances
2022-03-18 00:31:09.632  INFO 27916 --- [http-nio-8080-exec-9] c.m.admin.paging.PagingAndSortingHelper  : PagingAndSortingArgumentResolver | listEntities | pageNum : 1
2022-03-18 00:31:09.632  INFO 27916 --- [http-nio-8080-exec-9] c.m.admin.paging.PagingAndSortingHelper  : PagingAndSortingArgumentResolver | updateModelAttributes is started
2022-03-18 00:31:09.632  INFO 27916 --- [http-nio-8080-exec-9] c.m.admin.paging.PagingAndSortingHelper  : PagingAndSortingArgumentResolver | updateModelAttributes | startCount : 1
2022-03-18 00:31:09.633  INFO 27916 --- [http-nio-8080-exec-9] c.m.admin.paging.PagingAndSortingHelper  : PagingAndSortingArgumentResolver | updateModelAttributes | endCount : 10
2022-03-18 00:31:09.633  INFO 27916 --- [http-nio-8080-exec-9] c.m.admin.paging.PagingAndSortingHelper  : PagingAndSortingArgumentResolver | updateModelAttributes | page.getTotalElements() : 1
2022-03-18 00:31:09.633  INFO 27916 --- [http-nio-8080-exec-9] c.m.admin.paging.PagingAndSortingHelper  : PagingAndSortingArgumentResolver | updateModelAttributes | endCount : 1
2022-03-18 00:31:09.633  INFO 27916 --- [http-nio-8080-exec-9] c.m.admin.paging.PagingAndSortingHelper  : PagingAndSortingArgumentResolver | updateModelAttributes | currentPage : 1
2022-03-18 00:31:09.633  INFO 27916 --- [http-nio-8080-exec-9] c.m.admin.paging.PagingAndSortingHelper  : PagingAndSortingArgumentResolver | updateModelAttributes | totalPages : 1
2022-03-18 00:31:09.633  INFO 27916 --- [http-nio-8080-exec-9] c.m.admin.paging.PagingAndSortingHelper  : PagingAndSortingArgumentResolver | updateModelAttributes | totalItems : 1
2022-03-18 00:31:09.643  INFO 27916 --- [http-nio-8080-exec-9] c.m.admin.paging.PagingAndSortingHelper  : PagingAndSortingArgumentResolver | updateModelAttributes | listName : [ShippingRate{id=1, rate=150.0, days=3, codSupported=true, country=Country [id=1, name=Egypt, code=EG], state='Alexandria'}]
2022-03-18 00:31:12.804  INFO 27916 --- [http-nio-8080-exec-9] c.m.a.controller.ShippingRateController  : ShippingRateController | newRate is called
2022-03-18 00:31:12.808  INFO 27916 --- [http-nio-8080-exec-9] c.m.a.controller.ShippingRateController  : ShippingRateController | newRate | listCountries : [Country [id=1, name=Egypt, code=EG], Country [id=2, name=Saudi Arabia, code=KSA]]
2022-03-18 00:31:13.000  INFO 27916 --- [http-nio-8080-exec-10] c.m.a.controller.StateRestController     : StateRestController | listByCountry is called
2022-03-18 00:31:13.001  INFO 27916 --- [http-nio-8080-exec-10] c.m.a.controller.StateRestController     : StateRestController | listByCountry | countryId : 1
2022-03-18 00:31:13.007  INFO 27916 --- [http-nio-8080-exec-10] c.m.a.controller.StateRestController     : StateRestController | listByCountry | listStates.size() : 5
2022-03-18 00:31:13.008  INFO 27916 --- [http-nio-8080-exec-10] c.m.a.controller.StateRestController     : StateRestController | listByCountry | result : [StateDTO [id=2, name=Alexandria], StateDTO [id=1, name=Cairo], StateDTO [id=4, name=Gharbia], StateDTO [id=5, name=Giza], StateDTO [id=3, name=Monufia]]
2022-03-18 00:31:36.934  INFO 27916 --- [http-nio-8080-exec-6] c.m.a.controller.ShippingRateController  : ShippingRateController | saveRate is called
2022-03-18 00:31:37.058  INFO 27916 --- [http-nio-8080-exec-6] c.m.a.controller.ShippingRateController  : ShippingRateController | saveRate | message : The shipping rate has been saved successfully.
2022-03-18 00:31:37.065  INFO 27916 --- [http-nio-8080-exec-2] c.m.a.p.PagingAndSortingArgumentResolver : PagingAndSortingArgumentResolver | resolveArgument | sortField : country
2022-03-18 00:31:37.065  INFO 27916 --- [http-nio-8080-exec-2] c.m.a.p.PagingAndSortingArgumentResolver : PagingAndSortingArgumentResolver | resolveArgument | sortDir : asc
2022-03-18 00:31:37.066  INFO 27916 --- [http-nio-8080-exec-2] c.m.a.p.PagingAndSortingArgumentResolver : PagingAndSortingArgumentResolver | resolveArgument | reverseSortDir : desc
2022-03-18 00:31:37.066  INFO 27916 --- [http-nio-8080-exec-2] c.m.a.p.PagingAndSortingArgumentResolver : PagingAndSortingArgumentResolver | resolveArgument | keyword : null
2022-03-18 00:31:37.066  INFO 27916 --- [http-nio-8080-exec-2] c.m.a.p.PagingAndSortingArgumentResolver : PagingAndSortingArgumentResolver | resolveArgument | moduleURL : /shipping_rates
2022-03-18 00:31:37.066  INFO 27916 --- [http-nio-8080-exec-2] c.m.a.controller.ShippingRateController  : ShippingRateController | listByPage is called
2022-03-18 00:31:37.066  INFO 27916 --- [http-nio-8080-exec-2] c.m.a.controller.ShippingRateController  : ShippingRateController | listByPage | helper : com.molla.admin.paging.PagingAndSortingHelper@34fe5a39
2022-03-18 00:31:37.066  INFO 27916 --- [http-nio-8080-exec-2] c.m.a.controller.ShippingRateController  : ShippingRateController | listByPage | pageNum : 1
2022-03-18 00:31:37.067  INFO 27916 --- [http-nio-8080-exec-2] c.m.admin.paging.PagingAndSortingHelper  : PagingAndSortingArgumentResolver | listEntities is started
2022-03-18 00:31:37.067  INFO 27916 --- [http-nio-8080-exec-2] c.m.admin.paging.PagingAndSortingHelper  : PagingAndSortingArgumentResolver | createPageable is started
2022-03-18 00:31:37.067  INFO 27916 --- [http-nio-8080-exec-2] c.m.admin.paging.PagingAndSortingHelper  : PagingAndSortingArgumentResolver | createPageable | sort : country: ASC
2022-03-18 00:31:37.067  INFO 27916 --- [http-nio-8080-exec-2] c.m.admin.paging.PagingAndSortingHelper  : PagingAndSortingArgumentResolver | createPageable | pageNum - 1 : 0
2022-03-18 00:31:37.067  INFO 27916 --- [http-nio-8080-exec-2] c.m.admin.paging.PagingAndSortingHelper  : PagingAndSortingArgumentResolver | createPageable | pageSize : 10
2022-03-18 00:31:37.072  INFO 27916 --- [http-nio-8080-exec-2] c.m.admin.paging.PagingAndSortingHelper  : PagingAndSortingArgumentResolver | listEntities | page : Page 1 of 1 containing com.molla.common.entity.ShippingRate instances
2022-03-18 00:31:37.072  INFO 27916 --- [http-nio-8080-exec-2] c.m.admin.paging.PagingAndSortingHelper  : PagingAndSortingArgumentResolver | listEntities | pageNum : 1
2022-03-18 00:31:37.072  INFO 27916 --- [http-nio-8080-exec-2] c.m.admin.paging.PagingAndSortingHelper  : PagingAndSortingArgumentResolver | updateModelAttributes is started
2022-03-18 00:31:37.072  INFO 27916 --- [http-nio-8080-exec-2] c.m.admin.paging.PagingAndSortingHelper  : PagingAndSortingArgumentResolver | updateModelAttributes | startCount : 1
2022-03-18 00:31:37.073  INFO 27916 --- [http-nio-8080-exec-2] c.m.admin.paging.PagingAndSortingHelper  : PagingAndSortingArgumentResolver | updateModelAttributes | endCount : 10
2022-03-18 00:31:37.073  INFO 27916 --- [http-nio-8080-exec-2] c.m.admin.paging.PagingAndSortingHelper  : PagingAndSortingArgumentResolver | updateModelAttributes | page.getTotalElements() : 2
2022-03-18 00:31:37.074  INFO 27916 --- [http-nio-8080-exec-2] c.m.admin.paging.PagingAndSortingHelper  : PagingAndSortingArgumentResolver | updateModelAttributes | endCount : 2
2022-03-18 00:31:37.074  INFO 27916 --- [http-nio-8080-exec-2] c.m.admin.paging.PagingAndSortingHelper  : PagingAndSortingArgumentResolver | updateModelAttributes | currentPage : 1
2022-03-18 00:31:37.074  INFO 27916 --- [http-nio-8080-exec-2] c.m.admin.paging.PagingAndSortingHelper  : PagingAndSortingArgumentResolver | updateModelAttributes | totalPages : 1
2022-03-18 00:31:37.074  INFO 27916 --- [http-nio-8080-exec-2] c.m.admin.paging.PagingAndSortingHelper  : PagingAndSortingArgumentResolver | updateModelAttributes | totalItems : 2
2022-03-18 00:31:37.074  INFO 27916 --- [http-nio-8080-exec-2] c.m.admin.paging.PagingAndSortingHelper  : PagingAndSortingArgumentResolver | updateModelAttributes | listName : [ShippingRate{id=1, rate=150.0, days=3, codSupported=true, country=Country [id=1, name=Egypt, code=EG], state='Alexandria'}, ShippingRate{id=2, rate=70.0, days=2, codSupported=true, country=Country [id=1, name=Egypt, code=EG], state='Cairo'}]
2022-03-18 00:31:39.356  INFO 27916 --- [http-nio-8080-exec-2] c.m.a.controller.ShippingRateController  : ShippingRateController | newRate is called
2022-03-18 00:31:39.361  INFO 27916 --- [http-nio-8080-exec-2] c.m.a.controller.ShippingRateController  : ShippingRateController | newRate | listCountries : [Country [id=1, name=Egypt, code=EG], Country [id=2, name=Saudi Arabia, code=KSA]]
2022-03-18 00:31:39.538  INFO 27916 --- [http-nio-8080-exec-1] c.m.a.controller.StateRestController     : StateRestController | listByCountry is called
2022-03-18 00:31:39.538  INFO 27916 --- [http-nio-8080-exec-1] c.m.a.controller.StateRestController     : StateRestController | listByCountry | countryId : 1
2022-03-18 00:31:39.543  INFO 27916 --- [http-nio-8080-exec-1] c.m.a.controller.StateRestController     : StateRestController | listByCountry | listStates.size() : 5
2022-03-18 00:31:39.544  INFO 27916 --- [http-nio-8080-exec-1] c.m.a.controller.StateRestController     : StateRestController | listByCountry | result : [StateDTO [id=2, name=Alexandria], StateDTO [id=1, name=Cairo], StateDTO [id=4, name=Gharbia], StateDTO [id=5, name=Giza], StateDTO [id=3, name=Monufia]]
2022-03-18 00:31:51.390  INFO 27916 --- [http-nio-8080-exec-7] c.m.a.controller.ShippingRateController  : ShippingRateController | saveRate is called
2022-03-18 00:31:51.459  INFO 27916 --- [http-nio-8080-exec-7] c.m.a.controller.ShippingRateController  : ShippingRateController | saveRate | message : The shipping rate has been saved successfully.
2022-03-18 00:31:51.465  INFO 27916 --- [http-nio-8080-exec-5] c.m.a.p.PagingAndSortingArgumentResolver : PagingAndSortingArgumentResolver | resolveArgument | sortField : country
2022-03-18 00:31:51.465  INFO 27916 --- [http-nio-8080-exec-5] c.m.a.p.PagingAndSortingArgumentResolver : PagingAndSortingArgumentResolver | resolveArgument | sortDir : asc
2022-03-18 00:31:51.466  INFO 27916 --- [http-nio-8080-exec-5] c.m.a.p.PagingAndSortingArgumentResolver : PagingAndSortingArgumentResolver | resolveArgument | reverseSortDir : desc
2022-03-18 00:31:51.466  INFO 27916 --- [http-nio-8080-exec-5] c.m.a.p.PagingAndSortingArgumentResolver : PagingAndSortingArgumentResolver | resolveArgument | keyword : null
2022-03-18 00:31:51.466  INFO 27916 --- [http-nio-8080-exec-5] c.m.a.p.PagingAndSortingArgumentResolver : PagingAndSortingArgumentResolver | resolveArgument | moduleURL : /shipping_rates
2022-03-18 00:31:51.466  INFO 27916 --- [http-nio-8080-exec-5] c.m.a.controller.ShippingRateController  : ShippingRateController | listByPage is called
2022-03-18 00:31:51.466  INFO 27916 --- [http-nio-8080-exec-5] c.m.a.controller.ShippingRateController  : ShippingRateController | listByPage | helper : com.molla.admin.paging.PagingAndSortingHelper@67750bd6
2022-03-18 00:31:51.466  INFO 27916 --- [http-nio-8080-exec-5] c.m.a.controller.ShippingRateController  : ShippingRateController | listByPage | pageNum : 1
2022-03-18 00:31:51.466  INFO 27916 --- [http-nio-8080-exec-5] c.m.admin.paging.PagingAndSortingHelper  : PagingAndSortingArgumentResolver | listEntities is started
2022-03-18 00:31:51.466  INFO 27916 --- [http-nio-8080-exec-5] c.m.admin.paging.PagingAndSortingHelper  : PagingAndSortingArgumentResolver | createPageable is started
2022-03-18 00:31:51.467  INFO 27916 --- [http-nio-8080-exec-5] c.m.admin.paging.PagingAndSortingHelper  : PagingAndSortingArgumentResolver | createPageable | sort : country: ASC
2022-03-18 00:31:51.467  INFO 27916 --- [http-nio-8080-exec-5] c.m.admin.paging.PagingAndSortingHelper  : PagingAndSortingArgumentResolver | createPageable | pageNum - 1 : 0
2022-03-18 00:31:51.467  INFO 27916 --- [http-nio-8080-exec-5] c.m.admin.paging.PagingAndSortingHelper  : PagingAndSortingArgumentResolver | createPageable | pageSize : 10
2022-03-18 00:31:51.473  INFO 27916 --- [http-nio-8080-exec-5] c.m.admin.paging.PagingAndSortingHelper  : PagingAndSortingArgumentResolver | listEntities | page : Page 1 of 1 containing com.molla.common.entity.ShippingRate instances
2022-03-18 00:31:51.473  INFO 27916 --- [http-nio-8080-exec-5] c.m.admin.paging.PagingAndSortingHelper  : PagingAndSortingArgumentResolver | listEntities | pageNum : 1
2022-03-18 00:31:51.473  INFO 27916 --- [http-nio-8080-exec-5] c.m.admin.paging.PagingAndSortingHelper  : PagingAndSortingArgumentResolver | updateModelAttributes is started
2022-03-18 00:31:51.473  INFO 27916 --- [http-nio-8080-exec-5] c.m.admin.paging.PagingAndSortingHelper  : PagingAndSortingArgumentResolver | updateModelAttributes | startCount : 1
2022-03-18 00:31:51.473  INFO 27916 --- [http-nio-8080-exec-5] c.m.admin.paging.PagingAndSortingHelper  : PagingAndSortingArgumentResolver | updateModelAttributes | endCount : 10
2022-03-18 00:31:51.474  INFO 27916 --- [http-nio-8080-exec-5] c.m.admin.paging.PagingAndSortingHelper  : PagingAndSortingArgumentResolver | updateModelAttributes | page.getTotalElements() : 3
2022-03-18 00:31:51.474  INFO 27916 --- [http-nio-8080-exec-5] c.m.admin.paging.PagingAndSortingHelper  : PagingAndSortingArgumentResolver | updateModelAttributes | endCount : 3
2022-03-18 00:31:51.474  INFO 27916 --- [http-nio-8080-exec-5] c.m.admin.paging.PagingAndSortingHelper  : PagingAndSortingArgumentResolver | updateModelAttributes | currentPage : 1
2022-03-18 00:31:51.474  INFO 27916 --- [http-nio-8080-exec-5] c.m.admin.paging.PagingAndSortingHelper  : PagingAndSortingArgumentResolver | updateModelAttributes | totalPages : 1
2022-03-18 00:31:51.474  INFO 27916 --- [http-nio-8080-exec-5] c.m.admin.paging.PagingAndSortingHelper  : PagingAndSortingArgumentResolver | updateModelAttributes | totalItems : 3
2022-03-18 00:31:51.474  INFO 27916 --- [http-nio-8080-exec-5] c.m.admin.paging.PagingAndSortingHelper  : PagingAndSortingArgumentResolver | updateModelAttributes | listName : [ShippingRate{id=1, rate=150.0, days=3, codSupported=true, country=Country [id=1, name=Egypt, code=EG], state='Alexandria'}, ShippingRate{id=2, rate=70.0, days=2, codSupported=true, country=Country [id=1, name=Egypt, code=EG], state='Cairo'}, ShippingRate{id=3, rate=180.0, days=4, codSupported=true, country=Country [id=1, name=Egypt, code=EG], state='Gharbia'}]
2022-03-18 00:31:53.578  INFO 27916 --- [http-nio-8080-exec-5] c.m.a.controller.ShippingRateController  : ShippingRateController | newRate is called
2022-03-18 00:31:53.583  INFO 27916 --- [http-nio-8080-exec-5] c.m.a.controller.ShippingRateController  : ShippingRateController | newRate | listCountries : [Country [id=1, name=Egypt, code=EG], Country [id=2, name=Saudi Arabia, code=KSA]]
2022-03-18 00:31:53.777  INFO 27916 --- [http-nio-8080-exec-4] c.m.a.controller.StateRestController     : StateRestController | listByCountry is called
2022-03-18 00:31:53.777  INFO 27916 --- [http-nio-8080-exec-4] c.m.a.controller.StateRestController     : StateRestController | listByCountry | countryId : 1
2022-03-18 00:31:53.784  INFO 27916 --- [http-nio-8080-exec-4] c.m.a.controller.StateRestController     : StateRestController | listByCountry | listStates.size() : 5
2022-03-18 00:31:53.785  INFO 27916 --- [http-nio-8080-exec-4] c.m.a.controller.StateRestController     : StateRestController | listByCountry | result : [StateDTO [id=2, name=Alexandria], StateDTO [id=1, name=Cairo], StateDTO [id=4, name=Gharbia], StateDTO [id=5, name=Giza], StateDTO [id=3, name=Monufia]]
2022-03-18 00:32:05.406  INFO 27916 --- [http-nio-8080-exec-8] c.m.a.controller.ShippingRateController  : ShippingRateController | saveRate is called
2022-03-18 00:32:05.503  INFO 27916 --- [http-nio-8080-exec-8] c.m.a.controller.ShippingRateController  : ShippingRateController | saveRate | message : The shipping rate has been saved successfully.
2022-03-18 00:32:05.511  INFO 27916 --- [http-nio-8080-exec-9] c.m.a.p.PagingAndSortingArgumentResolver : PagingAndSortingArgumentResolver | resolveArgument | sortField : country
2022-03-18 00:32:05.512  INFO 27916 --- [http-nio-8080-exec-9] c.m.a.p.PagingAndSortingArgumentResolver : PagingAndSortingArgumentResolver | resolveArgument | sortDir : asc
2022-03-18 00:32:05.512  INFO 27916 --- [http-nio-8080-exec-9] c.m.a.p.PagingAndSortingArgumentResolver : PagingAndSortingArgumentResolver | resolveArgument | reverseSortDir : desc
2022-03-18 00:32:05.512  INFO 27916 --- [http-nio-8080-exec-9] c.m.a.p.PagingAndSortingArgumentResolver : PagingAndSortingArgumentResolver | resolveArgument | keyword : null
2022-03-18 00:32:05.512  INFO 27916 --- [http-nio-8080-exec-9] c.m.a.p.PagingAndSortingArgumentResolver : PagingAndSortingArgumentResolver | resolveArgument | moduleURL : /shipping_rates
2022-03-18 00:32:05.512  INFO 27916 --- [http-nio-8080-exec-9] c.m.a.controller.ShippingRateController  : ShippingRateController | listByPage is called
2022-03-18 00:32:05.512  INFO 27916 --- [http-nio-8080-exec-9] c.m.a.controller.ShippingRateController  : ShippingRateController | listByPage | helper : com.molla.admin.paging.PagingAndSortingHelper@4ade5bfd
2022-03-18 00:32:05.512  INFO 27916 --- [http-nio-8080-exec-9] c.m.a.controller.ShippingRateController  : ShippingRateController | listByPage | pageNum : 1
2022-03-18 00:32:05.513  INFO 27916 --- [http-nio-8080-exec-9] c.m.admin.paging.PagingAndSortingHelper  : PagingAndSortingArgumentResolver | listEntities is started
2022-03-18 00:32:05.513  INFO 27916 --- [http-nio-8080-exec-9] c.m.admin.paging.PagingAndSortingHelper  : PagingAndSortingArgumentResolver | createPageable is started
2022-03-18 00:32:05.513  INFO 27916 --- [http-nio-8080-exec-9] c.m.admin.paging.PagingAndSortingHelper  : PagingAndSortingArgumentResolver | createPageable | sort : country: ASC
2022-03-18 00:32:05.513  INFO 27916 --- [http-nio-8080-exec-9] c.m.admin.paging.PagingAndSortingHelper  : PagingAndSortingArgumentResolver | createPageable | pageNum - 1 : 0
2022-03-18 00:32:05.513  INFO 27916 --- [http-nio-8080-exec-9] c.m.admin.paging.PagingAndSortingHelper  : PagingAndSortingArgumentResolver | createPageable | pageSize : 10
2022-03-18 00:32:05.518  INFO 27916 --- [http-nio-8080-exec-9] c.m.admin.paging.PagingAndSortingHelper  : PagingAndSortingArgumentResolver | listEntities | page : Page 1 of 1 containing com.molla.common.entity.ShippingRate instances
2022-03-18 00:32:05.518  INFO 27916 --- [http-nio-8080-exec-9] c.m.admin.paging.PagingAndSortingHelper  : PagingAndSortingArgumentResolver | listEntities | pageNum : 1
2022-03-18 00:32:05.518  INFO 27916 --- [http-nio-8080-exec-9] c.m.admin.paging.PagingAndSortingHelper  : PagingAndSortingArgumentResolver | updateModelAttributes is started
2022-03-18 00:32:05.518  INFO 27916 --- [http-nio-8080-exec-9] c.m.admin.paging.PagingAndSortingHelper  : PagingAndSortingArgumentResolver | updateModelAttributes | startCount : 1
2022-03-18 00:32:05.518  INFO 27916 --- [http-nio-8080-exec-9] c.m.admin.paging.PagingAndSortingHelper  : PagingAndSortingArgumentResolver | updateModelAttributes | endCount : 10
2022-03-18 00:32:05.518  INFO 27916 --- [http-nio-8080-exec-9] c.m.admin.paging.PagingAndSortingHelper  : PagingAndSortingArgumentResolver | updateModelAttributes | page.getTotalElements() : 4
2022-03-18 00:32:05.518  INFO 27916 --- [http-nio-8080-exec-9] c.m.admin.paging.PagingAndSortingHelper  : PagingAndSortingArgumentResolver | updateModelAttributes | endCount : 4
2022-03-18 00:32:05.518  INFO 27916 --- [http-nio-8080-exec-9] c.m.admin.paging.PagingAndSortingHelper  : PagingAndSortingArgumentResolver | updateModelAttributes | currentPage : 1
2022-03-18 00:32:05.519  INFO 27916 --- [http-nio-8080-exec-9] c.m.admin.paging.PagingAndSortingHelper  : PagingAndSortingArgumentResolver | updateModelAttributes | totalPages : 1
2022-03-18 00:32:05.520  INFO 27916 --- [http-nio-8080-exec-9] c.m.admin.paging.PagingAndSortingHelper  : PagingAndSortingArgumentResolver | updateModelAttributes | totalItems : 4
2022-03-18 00:32:05.521  INFO 27916 --- [http-nio-8080-exec-9] c.m.admin.paging.PagingAndSortingHelper  : PagingAndSortingArgumentResolver | updateModelAttributes | listName : [ShippingRate{id=1, rate=150.0, days=3, codSupported=true, country=Country [id=1, name=Egypt, code=EG], state='Alexandria'}, ShippingRate{id=2, rate=70.0, days=2, codSupported=true, country=Country [id=1, name=Egypt, code=EG], state='Cairo'}, ShippingRate{id=3, rate=180.0, days=4, codSupported=true, country=Country [id=1, name=Egypt, code=EG], state='Gharbia'}, ShippingRate{id=4, rate=100.0, days=5, codSupported=true, country=Country [id=1, name=Egypt, code=EG], state='Giza'}]
2022-03-18 00:32:08.328  INFO 27916 --- [http-nio-8080-exec-9] c.m.a.controller.ShippingRateController  : ShippingRateController | newRate is called
2022-03-18 00:32:08.333  INFO 27916 --- [http-nio-8080-exec-9] c.m.a.controller.ShippingRateController  : ShippingRateController | newRate | listCountries : [Country [id=1, name=Egypt, code=EG], Country [id=2, name=Saudi Arabia, code=KSA]]
2022-03-18 00:32:08.507  INFO 27916 --- [http-nio-8080-exec-3] c.m.a.controller.StateRestController     : StateRestController | listByCountry is called
2022-03-18 00:32:08.507  INFO 27916 --- [http-nio-8080-exec-3] c.m.a.controller.StateRestController     : StateRestController | listByCountry | countryId : 1
2022-03-18 00:32:08.577  INFO 27916 --- [http-nio-8080-exec-3] c.m.a.controller.StateRestController     : StateRestController | listByCountry | listStates.size() : 5
2022-03-18 00:32:08.577  INFO 27916 --- [http-nio-8080-exec-3] c.m.a.controller.StateRestController     : StateRestController | listByCountry | result : [StateDTO [id=2, name=Alexandria], StateDTO [id=1, name=Cairo], StateDTO [id=4, name=Gharbia], StateDTO [id=5, name=Giza], StateDTO [id=3, name=Monufia]]
2022-03-18 00:32:17.212  INFO 27916 --- [http-nio-8080-exec-10] c.m.a.controller.ShippingRateController  : ShippingRateController | saveRate is called
2022-03-18 00:32:17.396  INFO 27916 --- [http-nio-8080-exec-10] c.m.a.controller.ShippingRateController  : ShippingRateController | saveRate | message : The shipping rate has been saved successfully.
2022-03-18 00:32:17.403  INFO 27916 --- [http-nio-8080-exec-6] c.m.a.p.PagingAndSortingArgumentResolver : PagingAndSortingArgumentResolver | resolveArgument | sortField : country
2022-03-18 00:32:17.403  INFO 27916 --- [http-nio-8080-exec-6] c.m.a.p.PagingAndSortingArgumentResolver : PagingAndSortingArgumentResolver | resolveArgument | sortDir : asc
2022-03-18 00:32:17.403  INFO 27916 --- [http-nio-8080-exec-6] c.m.a.p.PagingAndSortingArgumentResolver : PagingAndSortingArgumentResolver | resolveArgument | reverseSortDir : desc
2022-03-18 00:32:17.403  INFO 27916 --- [http-nio-8080-exec-6] c.m.a.p.PagingAndSortingArgumentResolver : PagingAndSortingArgumentResolver | resolveArgument | keyword : null
2022-03-18 00:32:17.403  INFO 27916 --- [http-nio-8080-exec-6] c.m.a.p.PagingAndSortingArgumentResolver : PagingAndSortingArgumentResolver | resolveArgument | moduleURL : /shipping_rates
2022-03-18 00:32:17.403  INFO 27916 --- [http-nio-8080-exec-6] c.m.a.controller.ShippingRateController  : ShippingRateController | listByPage is called
2022-03-18 00:32:17.403  INFO 27916 --- [http-nio-8080-exec-6] c.m.a.controller.ShippingRateController  : ShippingRateController | listByPage | helper : com.molla.admin.paging.PagingAndSortingHelper@5df0d6e5
2022-03-18 00:32:17.403  INFO 27916 --- [http-nio-8080-exec-6] c.m.a.controller.ShippingRateController  : ShippingRateController | listByPage | pageNum : 1
2022-03-18 00:32:17.404  INFO 27916 --- [http-nio-8080-exec-6] c.m.admin.paging.PagingAndSortingHelper  : PagingAndSortingArgumentResolver | listEntities is started
2022-03-18 00:32:17.404  INFO 27916 --- [http-nio-8080-exec-6] c.m.admin.paging.PagingAndSortingHelper  : PagingAndSortingArgumentResolver | createPageable is started
2022-03-18 00:32:17.404  INFO 27916 --- [http-nio-8080-exec-6] c.m.admin.paging.PagingAndSortingHelper  : PagingAndSortingArgumentResolver | createPageable | sort : country: ASC
2022-03-18 00:32:17.404  INFO 27916 --- [http-nio-8080-exec-6] c.m.admin.paging.PagingAndSortingHelper  : PagingAndSortingArgumentResolver | createPageable | pageNum - 1 : 0
2022-03-18 00:32:17.404  INFO 27916 --- [http-nio-8080-exec-6] c.m.admin.paging.PagingAndSortingHelper  : PagingAndSortingArgumentResolver | createPageable | pageSize : 10
2022-03-18 00:32:17.408  INFO 27916 --- [http-nio-8080-exec-6] c.m.admin.paging.PagingAndSortingHelper  : PagingAndSortingArgumentResolver | listEntities | page : Page 1 of 1 containing com.molla.common.entity.ShippingRate instances
2022-03-18 00:32:17.409  INFO 27916 --- [http-nio-8080-exec-6] c.m.admin.paging.PagingAndSortingHelper  : PagingAndSortingArgumentResolver | listEntities | pageNum : 1
2022-03-18 00:32:17.409  INFO 27916 --- [http-nio-8080-exec-6] c.m.admin.paging.PagingAndSortingHelper  : PagingAndSortingArgumentResolver | updateModelAttributes is started
2022-03-18 00:32:17.409  INFO 27916 --- [http-nio-8080-exec-6] c.m.admin.paging.PagingAndSortingHelper  : PagingAndSortingArgumentResolver | updateModelAttributes | startCount : 1
2022-03-18 00:32:17.409  INFO 27916 --- [http-nio-8080-exec-6] c.m.admin.paging.PagingAndSortingHelper  : PagingAndSortingArgumentResolver | updateModelAttributes | endCount : 10
2022-03-18 00:32:17.409  INFO 27916 --- [http-nio-8080-exec-6] c.m.admin.paging.PagingAndSortingHelper  : PagingAndSortingArgumentResolver | updateModelAttributes | page.getTotalElements() : 5
2022-03-18 00:32:17.409  INFO 27916 --- [http-nio-8080-exec-6] c.m.admin.paging.PagingAndSortingHelper  : PagingAndSortingArgumentResolver | updateModelAttributes | endCount : 5
2022-03-18 00:32:17.409  INFO 27916 --- [http-nio-8080-exec-6] c.m.admin.paging.PagingAndSortingHelper  : PagingAndSortingArgumentResolver | updateModelAttributes | currentPage : 1
2022-03-18 00:32:17.409  INFO 27916 --- [http-nio-8080-exec-6] c.m.admin.paging.PagingAndSortingHelper  : PagingAndSortingArgumentResolver | updateModelAttributes | totalPages : 1
2022-03-18 00:32:17.409  INFO 27916 --- [http-nio-8080-exec-6] c.m.admin.paging.PagingAndSortingHelper  : PagingAndSortingArgumentResolver | updateModelAttributes | totalItems : 5
2022-03-18 00:32:17.409  INFO 27916 --- [http-nio-8080-exec-6] c.m.admin.paging.PagingAndSortingHelper  : PagingAndSortingArgumentResolver | updateModelAttributes | listName : [ShippingRate{id=1, rate=150.0, days=3, codSupported=true, country=Country [id=1, name=Egypt, code=EG], state='Alexandria'}, ShippingRate{id=2, rate=70.0, days=2, codSupported=true, country=Country [id=1, name=Egypt, code=EG], state='Cairo'}, ShippingRate{id=3, rate=180.0, days=4, codSupported=true, country=Country [id=1, name=Egypt, code=EG], state='Gharbia'}, ShippingRate{id=4, rate=100.0, days=5, codSupported=true, country=Country [id=1, name=Egypt, code=EG], state='Giza'}, ShippingRate{id=5, rate=120.0, days=5, codSupported=false, country=Country [id=1, name=Egypt, code=EG], state='Monufia'}]
2022-03-18 00:32:20.183  INFO 27916 --- [http-nio-8080-exec-6] c.m.a.controller.ShippingRateController  : ShippingRateController | updateCODSupport is called
2022-03-18 00:32:20.397  INFO 27916 --- [http-nio-8080-exec-6] c.m.a.controller.ShippingRateController  : ShippingRateController | updateCODSupport | message : COD support for shipping rate ID 3 has been updated.
2022-03-18 00:32:20.407  INFO 27916 --- [http-nio-8080-exec-7] c.m.a.p.PagingAndSortingArgumentResolver : PagingAndSortingArgumentResolver | resolveArgument | sortField : country
2022-03-18 00:32:20.408  INFO 27916 --- [http-nio-8080-exec-7] c.m.a.p.PagingAndSortingArgumentResolver : PagingAndSortingArgumentResolver | resolveArgument | sortDir : asc
2022-03-18 00:32:20.408  INFO 27916 --- [http-nio-8080-exec-7] c.m.a.p.PagingAndSortingArgumentResolver : PagingAndSortingArgumentResolver | resolveArgument | reverseSortDir : desc
2022-03-18 00:32:20.408  INFO 27916 --- [http-nio-8080-exec-7] c.m.a.p.PagingAndSortingArgumentResolver : PagingAndSortingArgumentResolver | resolveArgument | keyword : null
2022-03-18 00:32:20.408  INFO 27916 --- [http-nio-8080-exec-7] c.m.a.p.PagingAndSortingArgumentResolver : PagingAndSortingArgumentResolver | resolveArgument | moduleURL : /shipping_rates
2022-03-18 00:32:20.408  INFO 27916 --- [http-nio-8080-exec-7] c.m.a.controller.ShippingRateController  : ShippingRateController | listByPage is called
2022-03-18 00:32:20.408  INFO 27916 --- [http-nio-8080-exec-7] c.m.a.controller.ShippingRateController  : ShippingRateController | listByPage | helper : com.molla.admin.paging.PagingAndSortingHelper@3dba6c91
2022-03-18 00:32:20.408  INFO 27916 --- [http-nio-8080-exec-7] c.m.a.controller.ShippingRateController  : ShippingRateController | listByPage | pageNum : 1
2022-03-18 00:32:20.409  INFO 27916 --- [http-nio-8080-exec-7] c.m.admin.paging.PagingAndSortingHelper  : PagingAndSortingArgumentResolver | listEntities is started
2022-03-18 00:32:20.409  INFO 27916 --- [http-nio-8080-exec-7] c.m.admin.paging.PagingAndSortingHelper  : PagingAndSortingArgumentResolver | createPageable is started
2022-03-18 00:32:20.409  INFO 27916 --- [http-nio-8080-exec-7] c.m.admin.paging.PagingAndSortingHelper  : PagingAndSortingArgumentResolver | createPageable | sort : country: ASC
2022-03-18 00:32:20.409  INFO 27916 --- [http-nio-8080-exec-7] c.m.admin.paging.PagingAndSortingHelper  : PagingAndSortingArgumentResolver | createPageable | pageNum - 1 : 0
2022-03-18 00:32:20.409  INFO 27916 --- [http-nio-8080-exec-7] c.m.admin.paging.PagingAndSortingHelper  : PagingAndSortingArgumentResolver | createPageable | pageSize : 10
2022-03-18 00:32:20.414  INFO 27916 --- [http-nio-8080-exec-7] c.m.admin.paging.PagingAndSortingHelper  : PagingAndSortingArgumentResolver | listEntities | page : Page 1 of 1 containing com.molla.common.entity.ShippingRate instances
2022-03-18 00:32:20.414  INFO 27916 --- [http-nio-8080-exec-7] c.m.admin.paging.PagingAndSortingHelper  : PagingAndSortingArgumentResolver | listEntities | pageNum : 1
2022-03-18 00:32:20.414  INFO 27916 --- [http-nio-8080-exec-7] c.m.admin.paging.PagingAndSortingHelper  : PagingAndSortingArgumentResolver | updateModelAttributes is started
2022-03-18 00:32:20.414  INFO 27916 --- [http-nio-8080-exec-7] c.m.admin.paging.PagingAndSortingHelper  : PagingAndSortingArgumentResolver | updateModelAttributes | startCount : 1
2022-03-18 00:32:20.414  INFO 27916 --- [http-nio-8080-exec-7] c.m.admin.paging.PagingAndSortingHelper  : PagingAndSortingArgumentResolver | updateModelAttributes | endCount : 10
2022-03-18 00:32:20.414  INFO 27916 --- [http-nio-8080-exec-7] c.m.admin.paging.PagingAndSortingHelper  : PagingAndSortingArgumentResolver | updateModelAttributes | page.getTotalElements() : 5
2022-03-18 00:32:20.414  INFO 27916 --- [http-nio-8080-exec-7] c.m.admin.paging.PagingAndSortingHelper  : PagingAndSortingArgumentResolver | updateModelAttributes | endCount : 5
2022-03-18 00:32:20.414  INFO 27916 --- [http-nio-8080-exec-7] c.m.admin.paging.PagingAndSortingHelper  : PagingAndSortingArgumentResolver | updateModelAttributes | currentPage : 1
2022-03-18 00:32:20.414  INFO 27916 --- [http-nio-8080-exec-7] c.m.admin.paging.PagingAndSortingHelper  : PagingAndSortingArgumentResolver | updateModelAttributes | totalPages : 1
2022-03-18 00:32:20.414  INFO 27916 --- [http-nio-8080-exec-7] c.m.admin.paging.PagingAndSortingHelper  : PagingAndSortingArgumentResolver | updateModelAttributes | totalItems : 5
2022-03-18 00:32:20.414  INFO 27916 --- [http-nio-8080-exec-7] c.m.admin.paging.PagingAndSortingHelper  : PagingAndSortingArgumentResolver | updateModelAttributes | listName : [ShippingRate{id=1, rate=150.0, days=3, codSupported=true, country=Country [id=1, name=Egypt, code=EG], state='Alexandria'}, ShippingRate{id=2, rate=70.0, days=2, codSupported=true, country=Country [id=1, name=Egypt, code=EG], state='Cairo'}, ShippingRate{id=3, rate=180.0, days=4, codSupported=false, country=Country [id=1, name=Egypt, code=EG], state='Gharbia'}, ShippingRate{id=4, rate=100.0, days=5, codSupported=true, country=Country [id=1, name=Egypt, code=EG], state='Giza'}, ShippingRate{id=5, rate=120.0, days=5, codSupported=false, country=Country [id=1, name=Egypt, code=EG], state='Monufia'}]
2022-03-18 00:32:33.192  INFO 27916 --- [http-nio-8080-exec-7] c.m.a.p.PagingAndSortingArgumentResolver : PagingAndSortingArgumentResolver | resolveArgument | sortField : country
2022-03-18 00:32:33.192  INFO 27916 --- [http-nio-8080-exec-7] c.m.a.p.PagingAndSortingArgumentResolver : PagingAndSortingArgumentResolver | resolveArgument | sortDir : desc
2022-03-18 00:32:33.192  INFO 27916 --- [http-nio-8080-exec-7] c.m.a.p.PagingAndSortingArgumentResolver : PagingAndSortingArgumentResolver | resolveArgument | reverseSortDir : asc
2022-03-18 00:32:33.192  INFO 27916 --- [http-nio-8080-exec-7] c.m.a.p.PagingAndSortingArgumentResolver : PagingAndSortingArgumentResolver | resolveArgument | keyword : null
2022-03-18 00:32:33.192  INFO 27916 --- [http-nio-8080-exec-7] c.m.a.p.PagingAndSortingArgumentResolver : PagingAndSortingArgumentResolver | resolveArgument | moduleURL : /shipping_rates
2022-03-18 00:32:33.193  INFO 27916 --- [http-nio-8080-exec-7] c.m.a.controller.ShippingRateController  : ShippingRateController | listByPage is called
2022-03-18 00:32:33.193  INFO 27916 --- [http-nio-8080-exec-7] c.m.a.controller.ShippingRateController  : ShippingRateController | listByPage | helper : com.molla.admin.paging.PagingAndSortingHelper@1e6a5b5
2022-03-18 00:32:33.193  INFO 27916 --- [http-nio-8080-exec-7] c.m.a.controller.ShippingRateController  : ShippingRateController | listByPage | pageNum : 1
2022-03-18 00:32:33.193  INFO 27916 --- [http-nio-8080-exec-7] c.m.admin.paging.PagingAndSortingHelper  : PagingAndSortingArgumentResolver | listEntities is started
2022-03-18 00:32:33.193  INFO 27916 --- [http-nio-8080-exec-7] c.m.admin.paging.PagingAndSortingHelper  : PagingAndSortingArgumentResolver | createPageable is started
2022-03-18 00:32:33.194  INFO 27916 --- [http-nio-8080-exec-7] c.m.admin.paging.PagingAndSortingHelper  : PagingAndSortingArgumentResolver | createPageable | sort : country: DESC
2022-03-18 00:32:33.194  INFO 27916 --- [http-nio-8080-exec-7] c.m.admin.paging.PagingAndSortingHelper  : PagingAndSortingArgumentResolver | createPageable | pageNum - 1 : 0
2022-03-18 00:32:33.194  INFO 27916 --- [http-nio-8080-exec-7] c.m.admin.paging.PagingAndSortingHelper  : PagingAndSortingArgumentResolver | createPageable | pageSize : 10
2022-03-18 00:32:33.198  INFO 27916 --- [http-nio-8080-exec-7] c.m.admin.paging.PagingAndSortingHelper  : PagingAndSortingArgumentResolver | listEntities | page : Page 1 of 1 containing com.molla.common.entity.ShippingRate instances
2022-03-18 00:32:33.198  INFO 27916 --- [http-nio-8080-exec-7] c.m.admin.paging.PagingAndSortingHelper  : PagingAndSortingArgumentResolver | listEntities | pageNum : 1
2022-03-18 00:32:33.198  INFO 27916 --- [http-nio-8080-exec-7] c.m.admin.paging.PagingAndSortingHelper  : PagingAndSortingArgumentResolver | updateModelAttributes is started
2022-03-18 00:32:33.198  INFO 27916 --- [http-nio-8080-exec-7] c.m.admin.paging.PagingAndSortingHelper  : PagingAndSortingArgumentResolver | updateModelAttributes | startCount : 1
2022-03-18 00:32:33.198  INFO 27916 --- [http-nio-8080-exec-7] c.m.admin.paging.PagingAndSortingHelper  : PagingAndSortingArgumentResolver | updateModelAttributes | endCount : 10
2022-03-18 00:32:33.198  INFO 27916 --- [http-nio-8080-exec-7] c.m.admin.paging.PagingAndSortingHelper  : PagingAndSortingArgumentResolver | updateModelAttributes | page.getTotalElements() : 5
2022-03-18 00:32:33.198  INFO 27916 --- [http-nio-8080-exec-7] c.m.admin.paging.PagingAndSortingHelper  : PagingAndSortingArgumentResolver | updateModelAttributes | endCount : 5
2022-03-18 00:32:33.198  INFO 27916 --- [http-nio-8080-exec-7] c.m.admin.paging.PagingAndSortingHelper  : PagingAndSortingArgumentResolver | updateModelAttributes | currentPage : 1
2022-03-18 00:32:33.198  INFO 27916 --- [http-nio-8080-exec-7] c.m.admin.paging.PagingAndSortingHelper  : PagingAndSortingArgumentResolver | updateModelAttributes | totalPages : 1
2022-03-18 00:32:33.198  INFO 27916 --- [http-nio-8080-exec-7] c.m.admin.paging.PagingAndSortingHelper  : PagingAndSortingArgumentResolver | updateModelAttributes | totalItems : 5
2022-03-18 00:32:33.199  INFO 27916 --- [http-nio-8080-exec-7] c.m.admin.paging.PagingAndSortingHelper  : PagingAndSortingArgumentResolver | updateModelAttributes | listName : [ShippingRate{id=1, rate=150.0, days=3, codSupported=true, country=Country [id=1, name=Egypt, code=EG], state='Alexandria'}, ShippingRate{id=2, rate=70.0, days=2, codSupported=true, country=Country [id=1, name=Egypt, code=EG], state='Cairo'}, ShippingRate{id=3, rate=180.0, days=4, codSupported=false, country=Country [id=1, name=Egypt, code=EG], state='Gharbia'}, ShippingRate{id=4, rate=100.0, days=5, codSupported=true, country=Country [id=1, name=Egypt, code=EG], state='Giza'}, ShippingRate{id=5, rate=120.0, days=5, codSupported=false, country=Country [id=1, name=Egypt, code=EG], state='Monufia'}]
2022-03-18 00:32:34.365  INFO 27916 --- [http-nio-8080-exec-7] c.m.a.p.PagingAndSortingArgumentResolver : PagingAndSortingArgumentResolver | resolveArgument | sortField : state
2022-03-18 00:32:34.365  INFO 27916 --- [http-nio-8080-exec-7] c.m.a.p.PagingAndSortingArgumentResolver : PagingAndSortingArgumentResolver | resolveArgument | sortDir : desc
2022-03-18 00:32:34.365  INFO 27916 --- [http-nio-8080-exec-7] c.m.a.p.PagingAndSortingArgumentResolver : PagingAndSortingArgumentResolver | resolveArgument | reverseSortDir : asc
2022-03-18 00:32:34.366  INFO 27916 --- [http-nio-8080-exec-7] c.m.a.p.PagingAndSortingArgumentResolver : PagingAndSortingArgumentResolver | resolveArgument | keyword : null
2022-03-18 00:32:34.366  INFO 27916 --- [http-nio-8080-exec-7] c.m.a.p.PagingAndSortingArgumentResolver : PagingAndSortingArgumentResolver | resolveArgument | moduleURL : /shipping_rates
2022-03-18 00:32:34.366  INFO 27916 --- [http-nio-8080-exec-7] c.m.a.controller.ShippingRateController  : ShippingRateController | listByPage is called
2022-03-18 00:32:34.366  INFO 27916 --- [http-nio-8080-exec-7] c.m.a.controller.ShippingRateController  : ShippingRateController | listByPage | helper : com.molla.admin.paging.PagingAndSortingHelper@2821f3ef
2022-03-18 00:32:34.366  INFO 27916 --- [http-nio-8080-exec-7] c.m.a.controller.ShippingRateController  : ShippingRateController | listByPage | pageNum : 1
2022-03-18 00:32:34.368  INFO 27916 --- [http-nio-8080-exec-7] c.m.admin.paging.PagingAndSortingHelper  : PagingAndSortingArgumentResolver | listEntities is started
2022-03-18 00:32:34.368  INFO 27916 --- [http-nio-8080-exec-7] c.m.admin.paging.PagingAndSortingHelper  : PagingAndSortingArgumentResolver | createPageable is started
2022-03-18 00:32:34.368  INFO 27916 --- [http-nio-8080-exec-7] c.m.admin.paging.PagingAndSortingHelper  : PagingAndSortingArgumentResolver | createPageable | sort : state: DESC
2022-03-18 00:32:34.368  INFO 27916 --- [http-nio-8080-exec-7] c.m.admin.paging.PagingAndSortingHelper  : PagingAndSortingArgumentResolver | createPageable | pageNum - 1 : 0
2022-03-18 00:32:34.368  INFO 27916 --- [http-nio-8080-exec-7] c.m.admin.paging.PagingAndSortingHelper  : PagingAndSortingArgumentResolver | createPageable | pageSize : 10
2022-03-18 00:32:34.373  INFO 27916 --- [http-nio-8080-exec-7] c.m.admin.paging.PagingAndSortingHelper  : PagingAndSortingArgumentResolver | listEntities | page : Page 1 of 1 containing com.molla.common.entity.ShippingRate instances
2022-03-18 00:32:34.373  INFO 27916 --- [http-nio-8080-exec-7] c.m.admin.paging.PagingAndSortingHelper  : PagingAndSortingArgumentResolver | listEntities | pageNum : 1
2022-03-18 00:32:34.373  INFO 27916 --- [http-nio-8080-exec-7] c.m.admin.paging.PagingAndSortingHelper  : PagingAndSortingArgumentResolver | updateModelAttributes is started
2022-03-18 00:32:34.373  INFO 27916 --- [http-nio-8080-exec-7] c.m.admin.paging.PagingAndSortingHelper  : PagingAndSortingArgumentResolver | updateModelAttributes | startCount : 1
2022-03-18 00:32:34.373  INFO 27916 --- [http-nio-8080-exec-7] c.m.admin.paging.PagingAndSortingHelper  : PagingAndSortingArgumentResolver | updateModelAttributes | endCount : 10
2022-03-18 00:32:34.373  INFO 27916 --- [http-nio-8080-exec-7] c.m.admin.paging.PagingAndSortingHelper  : PagingAndSortingArgumentResolver | updateModelAttributes | page.getTotalElements() : 5
2022-03-18 00:32:34.373  INFO 27916 --- [http-nio-8080-exec-7] c.m.admin.paging.PagingAndSortingHelper  : PagingAndSortingArgumentResolver | updateModelAttributes | endCount : 5
2022-03-18 00:32:34.373  INFO 27916 --- [http-nio-8080-exec-7] c.m.admin.paging.PagingAndSortingHelper  : PagingAndSortingArgumentResolver | updateModelAttributes | currentPage : 1
2022-03-18 00:32:34.373  INFO 27916 --- [http-nio-8080-exec-7] c.m.admin.paging.PagingAndSortingHelper  : PagingAndSortingArgumentResolver | updateModelAttributes | totalPages : 1
2022-03-18 00:32:34.373  INFO 27916 --- [http-nio-8080-exec-7] c.m.admin.paging.PagingAndSortingHelper  : PagingAndSortingArgumentResolver | updateModelAttributes | totalItems : 5
2022-03-18 00:32:34.373  INFO 27916 --- [http-nio-8080-exec-7] c.m.admin.paging.PagingAndSortingHelper  : PagingAndSortingArgumentResolver | updateModelAttributes | listName : [ShippingRate{id=5, rate=120.0, days=5, codSupported=false, country=Country [id=1, name=Egypt, code=EG], state='Monufia'}, ShippingRate{id=4, rate=100.0, days=5, codSupported=true, country=Country [id=1, name=Egypt, code=EG], state='Giza'}, ShippingRate{id=3, rate=180.0, days=4, codSupported=false, country=Country [id=1, name=Egypt, code=EG], state='Gharbia'}, ShippingRate{id=2, rate=70.0, days=2, codSupported=true, country=Country [id=1, name=Egypt, code=EG], state='Cairo'}, ShippingRate{id=1, rate=150.0, days=3, codSupported=true, country=Country [id=1, name=Egypt, code=EG], state='Alexandria'}]
2022-03-18 00:32:35.315  INFO 27916 --- [http-nio-8080-exec-7] c.m.a.p.PagingAndSortingArgumentResolver : PagingAndSortingArgumentResolver | resolveArgument | sortField : state
2022-03-18 00:32:35.316  INFO 27916 --- [http-nio-8080-exec-7] c.m.a.p.PagingAndSortingArgumentResolver : PagingAndSortingArgumentResolver | resolveArgument | sortDir : asc
2022-03-18 00:32:35.316  INFO 27916 --- [http-nio-8080-exec-7] c.m.a.p.PagingAndSortingArgumentResolver : PagingAndSortingArgumentResolver | resolveArgument | reverseSortDir : desc
2022-03-18 00:32:35.316  INFO 27916 --- [http-nio-8080-exec-7] c.m.a.p.PagingAndSortingArgumentResolver : PagingAndSortingArgumentResolver | resolveArgument | keyword : null
2022-03-18 00:32:35.316  INFO 27916 --- [http-nio-8080-exec-7] c.m.a.p.PagingAndSortingArgumentResolver : PagingAndSortingArgumentResolver | resolveArgument | moduleURL : /shipping_rates
2022-03-18 00:32:35.317  INFO 27916 --- [http-nio-8080-exec-7] c.m.a.controller.ShippingRateController  : ShippingRateController | listByPage is called
2022-03-18 00:32:35.317  INFO 27916 --- [http-nio-8080-exec-7] c.m.a.controller.ShippingRateController  : ShippingRateController | listByPage | helper : com.molla.admin.paging.PagingAndSortingHelper@5cae14f2
2022-03-18 00:32:35.317  INFO 27916 --- [http-nio-8080-exec-7] c.m.a.controller.ShippingRateController  : ShippingRateController | listByPage | pageNum : 1
2022-03-18 00:32:35.319  INFO 27916 --- [http-nio-8080-exec-7] c.m.admin.paging.PagingAndSortingHelper  : PagingAndSortingArgumentResolver | listEntities is started
2022-03-18 00:32:35.319  INFO 27916 --- [http-nio-8080-exec-7] c.m.admin.paging.PagingAndSortingHelper  : PagingAndSortingArgumentResolver | createPageable is started
2022-03-18 00:32:35.319  INFO 27916 --- [http-nio-8080-exec-7] c.m.admin.paging.PagingAndSortingHelper  : PagingAndSortingArgumentResolver | createPageable | sort : state: ASC
2022-03-18 00:32:35.319  INFO 27916 --- [http-nio-8080-exec-7] c.m.admin.paging.PagingAndSortingHelper  : PagingAndSortingArgumentResolver | createPageable | pageNum - 1 : 0
2022-03-18 00:32:35.319  INFO 27916 --- [http-nio-8080-exec-7] c.m.admin.paging.PagingAndSortingHelper  : PagingAndSortingArgumentResolver | createPageable | pageSize : 10
2022-03-18 00:32:35.325  INFO 27916 --- [http-nio-8080-exec-7] c.m.admin.paging.PagingAndSortingHelper  : PagingAndSortingArgumentResolver | listEntities | page : Page 1 of 1 containing com.molla.common.entity.ShippingRate instances
2022-03-18 00:32:35.325  INFO 27916 --- [http-nio-8080-exec-7] c.m.admin.paging.PagingAndSortingHelper  : PagingAndSortingArgumentResolver | listEntities | pageNum : 1
2022-03-18 00:32:35.326  INFO 27916 --- [http-nio-8080-exec-7] c.m.admin.paging.PagingAndSortingHelper  : PagingAndSortingArgumentResolver | updateModelAttributes is started
2022-03-18 00:32:35.326  INFO 27916 --- [http-nio-8080-exec-7] c.m.admin.paging.PagingAndSortingHelper  : PagingAndSortingArgumentResolver | updateModelAttributes | startCount : 1
2022-03-18 00:32:35.326  INFO 27916 --- [http-nio-8080-exec-7] c.m.admin.paging.PagingAndSortingHelper  : PagingAndSortingArgumentResolver | updateModelAttributes | endCount : 10
2022-03-18 00:32:35.326  INFO 27916 --- [http-nio-8080-exec-7] c.m.admin.paging.PagingAndSortingHelper  : PagingAndSortingArgumentResolver | updateModelAttributes | page.getTotalElements() : 5
2022-03-18 00:32:35.326  INFO 27916 --- [http-nio-8080-exec-7] c.m.admin.paging.PagingAndSortingHelper  : PagingAndSortingArgumentResolver | updateModelAttributes | endCount : 5
2022-03-18 00:32:35.326  INFO 27916 --- [http-nio-8080-exec-7] c.m.admin.paging.PagingAndSortingHelper  : PagingAndSortingArgumentResolver | updateModelAttributes | currentPage : 1
2022-03-18 00:32:35.326  INFO 27916 --- [http-nio-8080-exec-7] c.m.admin.paging.PagingAndSortingHelper  : PagingAndSortingArgumentResolver | updateModelAttributes | totalPages : 1
2022-03-18 00:32:35.326  INFO 27916 --- [http-nio-8080-exec-7] c.m.admin.paging.PagingAndSortingHelper  : PagingAndSortingArgumentResolver | updateModelAttributes | totalItems : 5
2022-03-18 00:32:35.326  INFO 27916 --- [http-nio-8080-exec-7] c.m.admin.paging.PagingAndSortingHelper  : PagingAndSortingArgumentResolver | updateModelAttributes | listName : [ShippingRate{id=1, rate=150.0, days=3, codSupported=true, country=Country [id=1, name=Egypt, code=EG], state='Alexandria'}, ShippingRate{id=2, rate=70.0, days=2, codSupported=true, country=Country [id=1, name=Egypt, code=EG], state='Cairo'}, ShippingRate{id=3, rate=180.0, days=4, codSupported=false, country=Country [id=1, name=Egypt, code=EG], state='Gharbia'}, ShippingRate{id=4, rate=100.0, days=5, codSupported=true, country=Country [id=1, name=Egypt, code=EG], state='Giza'}, ShippingRate{id=5, rate=120.0, days=5, codSupported=false, country=Country [id=1, name=Egypt, code=EG], state='Monufia'}]
2022-03-18 00:32:36.745  INFO 27916 --- [http-nio-8080-exec-7] c.m.a.p.PagingAndSortingArgumentResolver : PagingAndSortingArgumentResolver | resolveArgument | sortField : rate
2022-03-18 00:32:36.745  INFO 27916 --- [http-nio-8080-exec-7] c.m.a.p.PagingAndSortingArgumentResolver : PagingAndSortingArgumentResolver | resolveArgument | sortDir : asc
2022-03-18 00:32:36.745  INFO 27916 --- [http-nio-8080-exec-7] c.m.a.p.PagingAndSortingArgumentResolver : PagingAndSortingArgumentResolver | resolveArgument | reverseSortDir : desc
2022-03-18 00:32:36.745  INFO 27916 --- [http-nio-8080-exec-7] c.m.a.p.PagingAndSortingArgumentResolver : PagingAndSortingArgumentResolver | resolveArgument | keyword : null
2022-03-18 00:32:36.745  INFO 27916 --- [http-nio-8080-exec-7] c.m.a.p.PagingAndSortingArgumentResolver : PagingAndSortingArgumentResolver | resolveArgument | moduleURL : /shipping_rates
2022-03-18 00:32:36.746  INFO 27916 --- [http-nio-8080-exec-7] c.m.a.controller.ShippingRateController  : ShippingRateController | listByPage is called
2022-03-18 00:32:36.746  INFO 27916 --- [http-nio-8080-exec-7] c.m.a.controller.ShippingRateController  : ShippingRateController | listByPage | helper : com.molla.admin.paging.PagingAndSortingHelper@4ea83e95
2022-03-18 00:32:36.746  INFO 27916 --- [http-nio-8080-exec-7] c.m.a.controller.ShippingRateController  : ShippingRateController | listByPage | pageNum : 1
2022-03-18 00:32:36.747  INFO 27916 --- [http-nio-8080-exec-7] c.m.admin.paging.PagingAndSortingHelper  : PagingAndSortingArgumentResolver | listEntities is started
2022-03-18 00:32:36.747  INFO 27916 --- [http-nio-8080-exec-7] c.m.admin.paging.PagingAndSortingHelper  : PagingAndSortingArgumentResolver | createPageable is started
2022-03-18 00:32:36.747  INFO 27916 --- [http-nio-8080-exec-7] c.m.admin.paging.PagingAndSortingHelper  : PagingAndSortingArgumentResolver | createPageable | sort : rate: ASC
2022-03-18 00:32:36.747  INFO 27916 --- [http-nio-8080-exec-7] c.m.admin.paging.PagingAndSortingHelper  : PagingAndSortingArgumentResolver | createPageable | pageNum - 1 : 0
2022-03-18 00:32:36.747  INFO 27916 --- [http-nio-8080-exec-7] c.m.admin.paging.PagingAndSortingHelper  : PagingAndSortingArgumentResolver | createPageable | pageSize : 10
2022-03-18 00:32:36.799  INFO 27916 --- [http-nio-8080-exec-7] c.m.admin.paging.PagingAndSortingHelper  : PagingAndSortingArgumentResolver | listEntities | page : Page 1 of 1 containing com.molla.common.entity.ShippingRate instances
2022-03-18 00:32:36.800  INFO 27916 --- [http-nio-8080-exec-7] c.m.admin.paging.PagingAndSortingHelper  : PagingAndSortingArgumentResolver | listEntities | pageNum : 1
2022-03-18 00:32:36.800  INFO 27916 --- [http-nio-8080-exec-7] c.m.admin.paging.PagingAndSortingHelper  : PagingAndSortingArgumentResolver | updateModelAttributes is started
2022-03-18 00:32:36.800  INFO 27916 --- [http-nio-8080-exec-7] c.m.admin.paging.PagingAndSortingHelper  : PagingAndSortingArgumentResolver | updateModelAttributes | startCount : 1
2022-03-18 00:32:36.800  INFO 27916 --- [http-nio-8080-exec-7] c.m.admin.paging.PagingAndSortingHelper  : PagingAndSortingArgumentResolver | updateModelAttributes | endCount : 10
2022-03-18 00:32:36.800  INFO 27916 --- [http-nio-8080-exec-7] c.m.admin.paging.PagingAndSortingHelper  : PagingAndSortingArgumentResolver | updateModelAttributes | page.getTotalElements() : 5
2022-03-18 00:32:36.801  INFO 27916 --- [http-nio-8080-exec-7] c.m.admin.paging.PagingAndSortingHelper  : PagingAndSortingArgumentResolver | updateModelAttributes | endCount : 5
2022-03-18 00:32:36.801  INFO 27916 --- [http-nio-8080-exec-7] c.m.admin.paging.PagingAndSortingHelper  : PagingAndSortingArgumentResolver | updateModelAttributes | currentPage : 1
2022-03-18 00:32:36.801  INFO 27916 --- [http-nio-8080-exec-7] c.m.admin.paging.PagingAndSortingHelper  : PagingAndSortingArgumentResolver | updateModelAttributes | totalPages : 1
2022-03-18 00:32:36.801  INFO 27916 --- [http-nio-8080-exec-7] c.m.admin.paging.PagingAndSortingHelper  : PagingAndSortingArgumentResolver | updateModelAttributes | totalItems : 5
2022-03-18 00:32:36.801  INFO 27916 --- [http-nio-8080-exec-7] c.m.admin.paging.PagingAndSortingHelper  : PagingAndSortingArgumentResolver | updateModelAttributes | listName : [ShippingRate{id=2, rate=70.0, days=2, codSupported=true, country=Country [id=1, name=Egypt, code=EG], state='Cairo'}, ShippingRate{id=4, rate=100.0, days=5, codSupported=true, country=Country [id=1, name=Egypt, code=EG], state='Giza'}, ShippingRate{id=5, rate=120.0, days=5, codSupported=false, country=Country [id=1, name=Egypt, code=EG], state='Monufia'}, ShippingRate{id=1, rate=150.0, days=3, codSupported=true, country=Country [id=1, name=Egypt, code=EG], state='Alexandria'}, ShippingRate{id=3, rate=180.0, days=4, codSupported=false, country=Country [id=1, name=Egypt, code=EG], state='Gharbia'}]
2022-03-18 00:32:37.864  INFO 27916 --- [http-nio-8080-exec-7] c.m.a.p.PagingAndSortingArgumentResolver : PagingAndSortingArgumentResolver | resolveArgument | sortField : rate
2022-03-18 00:32:37.864  INFO 27916 --- [http-nio-8080-exec-7] c.m.a.p.PagingAndSortingArgumentResolver : PagingAndSortingArgumentResolver | resolveArgument | sortDir : desc
2022-03-18 00:32:37.864  INFO 27916 --- [http-nio-8080-exec-7] c.m.a.p.PagingAndSortingArgumentResolver : PagingAndSortingArgumentResolver | resolveArgument | reverseSortDir : asc
2022-03-18 00:32:37.864  INFO 27916 --- [http-nio-8080-exec-7] c.m.a.p.PagingAndSortingArgumentResolver : PagingAndSortingArgumentResolver | resolveArgument | keyword : null
2022-03-18 00:32:37.864  INFO 27916 --- [http-nio-8080-exec-7] c.m.a.p.PagingAndSortingArgumentResolver : PagingAndSortingArgumentResolver | resolveArgument | moduleURL : /shipping_rates
2022-03-18 00:32:37.864  INFO 27916 --- [http-nio-8080-exec-7] c.m.a.controller.ShippingRateController  : ShippingRateController | listByPage is called
2022-03-18 00:32:37.864  INFO 27916 --- [http-nio-8080-exec-7] c.m.a.controller.ShippingRateController  : ShippingRateController | listByPage | helper : com.molla.admin.paging.PagingAndSortingHelper@181d80f8
2022-03-18 00:32:37.864  INFO 27916 --- [http-nio-8080-exec-7] c.m.a.controller.ShippingRateController  : ShippingRateController | listByPage | pageNum : 1
2022-03-18 00:32:37.865  INFO 27916 --- [http-nio-8080-exec-7] c.m.admin.paging.PagingAndSortingHelper  : PagingAndSortingArgumentResolver | listEntities is started
2022-03-18 00:32:37.865  INFO 27916 --- [http-nio-8080-exec-7] c.m.admin.paging.PagingAndSortingHelper  : PagingAndSortingArgumentResolver | createPageable is started
2022-03-18 00:32:37.865  INFO 27916 --- [http-nio-8080-exec-7] c.m.admin.paging.PagingAndSortingHelper  : PagingAndSortingArgumentResolver | createPageable | sort : rate: DESC
2022-03-18 00:32:37.865  INFO 27916 --- [http-nio-8080-exec-7] c.m.admin.paging.PagingAndSortingHelper  : PagingAndSortingArgumentResolver | createPageable | pageNum - 1 : 0
2022-03-18 00:32:37.865  INFO 27916 --- [http-nio-8080-exec-7] c.m.admin.paging.PagingAndSortingHelper  : PagingAndSortingArgumentResolver | createPageable | pageSize : 10
2022-03-18 00:32:37.871  INFO 27916 --- [http-nio-8080-exec-7] c.m.admin.paging.PagingAndSortingHelper  : PagingAndSortingArgumentResolver | listEntities | page : Page 1 of 1 containing com.molla.common.entity.ShippingRate instances
2022-03-18 00:32:37.871  INFO 27916 --- [http-nio-8080-exec-7] c.m.admin.paging.PagingAndSortingHelper  : PagingAndSortingArgumentResolver | listEntities | pageNum : 1
2022-03-18 00:32:37.871  INFO 27916 --- [http-nio-8080-exec-7] c.m.admin.paging.PagingAndSortingHelper  : PagingAndSortingArgumentResolver | updateModelAttributes is started
2022-03-18 00:32:37.871  INFO 27916 --- [http-nio-8080-exec-7] c.m.admin.paging.PagingAndSortingHelper  : PagingAndSortingArgumentResolver | updateModelAttributes | startCount : 1
2022-03-18 00:32:37.871  INFO 27916 --- [http-nio-8080-exec-7] c.m.admin.paging.PagingAndSortingHelper  : PagingAndSortingArgumentResolver | updateModelAttributes | endCount : 10
2022-03-18 00:32:37.871  INFO 27916 --- [http-nio-8080-exec-7] c.m.admin.paging.PagingAndSortingHelper  : PagingAndSortingArgumentResolver | updateModelAttributes | page.getTotalElements() : 5
2022-03-18 00:32:37.871  INFO 27916 --- [http-nio-8080-exec-7] c.m.admin.paging.PagingAndSortingHelper  : PagingAndSortingArgumentResolver | updateModelAttributes | endCount : 5
2022-03-18 00:32:37.871  INFO 27916 --- [http-nio-8080-exec-7] c.m.admin.paging.PagingAndSortingHelper  : PagingAndSortingArgumentResolver | updateModelAttributes | currentPage : 1
2022-03-18 00:32:37.871  INFO 27916 --- [http-nio-8080-exec-7] c.m.admin.paging.PagingAndSortingHelper  : PagingAndSortingArgumentResolver | updateModelAttributes | totalPages : 1
2022-03-18 00:32:37.871  INFO 27916 --- [http-nio-8080-exec-7] c.m.admin.paging.PagingAndSortingHelper  : PagingAndSortingArgumentResolver | updateModelAttributes | totalItems : 5
2022-03-18 00:32:37.871  INFO 27916 --- [http-nio-8080-exec-7] c.m.admin.paging.PagingAndSortingHelper  : PagingAndSortingArgumentResolver | updateModelAttributes | listName : [ShippingRate{id=3, rate=180.0, days=4, codSupported=false, country=Country [id=1, name=Egypt, code=EG], state='Gharbia'}, ShippingRate{id=1, rate=150.0, days=3, codSupported=true, country=Country [id=1, name=Egypt, code=EG], state='Alexandria'}, ShippingRate{id=5, rate=120.0, days=5, codSupported=false, country=Country [id=1, name=Egypt, code=EG], state='Monufia'}, ShippingRate{id=4, rate=100.0, days=5, codSupported=true, country=Country [id=1, name=Egypt, code=EG], state='Giza'}, ShippingRate{id=2, rate=70.0, days=2, codSupported=true, country=Country [id=1, name=Egypt, code=EG], state='Cairo'}]
2022-03-18 00:32:39.242  INFO 27916 --- [http-nio-8080-exec-7] c.m.a.p.PagingAndSortingArgumentResolver : PagingAndSortingArgumentResolver | resolveArgument | sortField : days
2022-03-18 00:32:39.242  INFO 27916 --- [http-nio-8080-exec-7] c.m.a.p.PagingAndSortingArgumentResolver : PagingAndSortingArgumentResolver | resolveArgument | sortDir : desc
2022-03-18 00:32:39.242  INFO 27916 --- [http-nio-8080-exec-7] c.m.a.p.PagingAndSortingArgumentResolver : PagingAndSortingArgumentResolver | resolveArgument | reverseSortDir : asc
2022-03-18 00:32:39.243  INFO 27916 --- [http-nio-8080-exec-7] c.m.a.p.PagingAndSortingArgumentResolver : PagingAndSortingArgumentResolver | resolveArgument | keyword : null
2022-03-18 00:32:39.243  INFO 27916 --- [http-nio-8080-exec-7] c.m.a.p.PagingAndSortingArgumentResolver : PagingAndSortingArgumentResolver | resolveArgument | moduleURL : /shipping_rates
2022-03-18 00:32:39.243  INFO 27916 --- [http-nio-8080-exec-7] c.m.a.controller.ShippingRateController  : ShippingRateController | listByPage is called
2022-03-18 00:32:39.243  INFO 27916 --- [http-nio-8080-exec-7] c.m.a.controller.ShippingRateController  : ShippingRateController | listByPage | helper : com.molla.admin.paging.PagingAndSortingHelper@36f53746
2022-03-18 00:32:39.243  INFO 27916 --- [http-nio-8080-exec-7] c.m.a.controller.ShippingRateController  : ShippingRateController | listByPage | pageNum : 1
2022-03-18 00:32:39.244  INFO 27916 --- [http-nio-8080-exec-7] c.m.admin.paging.PagingAndSortingHelper  : PagingAndSortingArgumentResolver | listEntities is started
2022-03-18 00:32:39.244  INFO 27916 --- [http-nio-8080-exec-7] c.m.admin.paging.PagingAndSortingHelper  : PagingAndSortingArgumentResolver | createPageable is started
2022-03-18 00:32:39.244  INFO 27916 --- [http-nio-8080-exec-7] c.m.admin.paging.PagingAndSortingHelper  : PagingAndSortingArgumentResolver | createPageable | sort : days: DESC
2022-03-18 00:32:39.244  INFO 27916 --- [http-nio-8080-exec-7] c.m.admin.paging.PagingAndSortingHelper  : PagingAndSortingArgumentResolver | createPageable | pageNum - 1 : 0
2022-03-18 00:32:39.244  INFO 27916 --- [http-nio-8080-exec-7] c.m.admin.paging.PagingAndSortingHelper  : PagingAndSortingArgumentResolver | createPageable | pageSize : 10
2022-03-18 00:32:39.248  INFO 27916 --- [http-nio-8080-exec-7] c.m.admin.paging.PagingAndSortingHelper  : PagingAndSortingArgumentResolver | listEntities | page : Page 1 of 1 containing com.molla.common.entity.ShippingRate instances
2022-03-18 00:32:39.249  INFO 27916 --- [http-nio-8080-exec-7] c.m.admin.paging.PagingAndSortingHelper  : PagingAndSortingArgumentResolver | listEntities | pageNum : 1
2022-03-18 00:32:39.249  INFO 27916 --- [http-nio-8080-exec-7] c.m.admin.paging.PagingAndSortingHelper  : PagingAndSortingArgumentResolver | updateModelAttributes is started
2022-03-18 00:32:39.249  INFO 27916 --- [http-nio-8080-exec-7] c.m.admin.paging.PagingAndSortingHelper  : PagingAndSortingArgumentResolver | updateModelAttributes | startCount : 1
2022-03-18 00:32:39.250  INFO 27916 --- [http-nio-8080-exec-7] c.m.admin.paging.PagingAndSortingHelper  : PagingAndSortingArgumentResolver | updateModelAttributes | endCount : 10
2022-03-18 00:32:39.250  INFO 27916 --- [http-nio-8080-exec-7] c.m.admin.paging.PagingAndSortingHelper  : PagingAndSortingArgumentResolver | updateModelAttributes | page.getTotalElements() : 5
2022-03-18 00:32:39.250  INFO 27916 --- [http-nio-8080-exec-7] c.m.admin.paging.PagingAndSortingHelper  : PagingAndSortingArgumentResolver | updateModelAttributes | endCount : 5
2022-03-18 00:32:39.250  INFO 27916 --- [http-nio-8080-exec-7] c.m.admin.paging.PagingAndSortingHelper  : PagingAndSortingArgumentResolver | updateModelAttributes | currentPage : 1
2022-03-18 00:32:39.250  INFO 27916 --- [http-nio-8080-exec-7] c.m.admin.paging.PagingAndSortingHelper  : PagingAndSortingArgumentResolver | updateModelAttributes | totalPages : 1
2022-03-18 00:32:39.250  INFO 27916 --- [http-nio-8080-exec-7] c.m.admin.paging.PagingAndSortingHelper  : PagingAndSortingArgumentResolver | updateModelAttributes | totalItems : 5
2022-03-18 00:32:39.251  INFO 27916 --- [http-nio-8080-exec-7] c.m.admin.paging.PagingAndSortingHelper  : PagingAndSortingArgumentResolver | updateModelAttributes | listName : [ShippingRate{id=4, rate=100.0, days=5, codSupported=true, country=Country [id=1, name=Egypt, code=EG], state='Giza'}, ShippingRate{id=5, rate=120.0, days=5, codSupported=false, country=Country [id=1, name=Egypt, code=EG], state='Monufia'}, ShippingRate{id=3, rate=180.0, days=4, codSupported=false, country=Country [id=1, name=Egypt, code=EG], state='Gharbia'}, ShippingRate{id=1, rate=150.0, days=3, codSupported=true, country=Country [id=1, name=Egypt, code=EG], state='Alexandria'}, ShippingRate{id=2, rate=70.0, days=2, codSupported=true, country=Country [id=1, name=Egypt, code=EG], state='Cairo'}]
2022-03-18 00:32:40.702  INFO 27916 --- [http-nio-8080-exec-7] c.m.a.p.PagingAndSortingArgumentResolver : PagingAndSortingArgumentResolver | resolveArgument | sortField : days
2022-03-18 00:32:40.702  INFO 27916 --- [http-nio-8080-exec-7] c.m.a.p.PagingAndSortingArgumentResolver : PagingAndSortingArgumentResolver | resolveArgument | sortDir : asc
2022-03-18 00:32:40.702  INFO 27916 --- [http-nio-8080-exec-7] c.m.a.p.PagingAndSortingArgumentResolver : PagingAndSortingArgumentResolver | resolveArgument | reverseSortDir : desc
2022-03-18 00:32:40.703  INFO 27916 --- [http-nio-8080-exec-7] c.m.a.p.PagingAndSortingArgumentResolver : PagingAndSortingArgumentResolver | resolveArgument | keyword : null
2022-03-18 00:32:40.703  INFO 27916 --- [http-nio-8080-exec-7] c.m.a.p.PagingAndSortingArgumentResolver : PagingAndSortingArgumentResolver | resolveArgument | moduleURL : /shipping_rates
2022-03-18 00:32:40.703  INFO 27916 --- [http-nio-8080-exec-7] c.m.a.controller.ShippingRateController  : ShippingRateController | listByPage is called
2022-03-18 00:32:40.703  INFO 27916 --- [http-nio-8080-exec-7] c.m.a.controller.ShippingRateController  : ShippingRateController | listByPage | helper : com.molla.admin.paging.PagingAndSortingHelper@4d874088
2022-03-18 00:32:40.703  INFO 27916 --- [http-nio-8080-exec-7] c.m.a.controller.ShippingRateController  : ShippingRateController | listByPage | pageNum : 1
2022-03-18 00:32:40.704  INFO 27916 --- [http-nio-8080-exec-7] c.m.admin.paging.PagingAndSortingHelper  : PagingAndSortingArgumentResolver | listEntities is started
2022-03-18 00:32:40.704  INFO 27916 --- [http-nio-8080-exec-7] c.m.admin.paging.PagingAndSortingHelper  : PagingAndSortingArgumentResolver | createPageable is started
2022-03-18 00:32:40.704  INFO 27916 --- [http-nio-8080-exec-7] c.m.admin.paging.PagingAndSortingHelper  : PagingAndSortingArgumentResolver | createPageable | sort : days: ASC
2022-03-18 00:32:40.704  INFO 27916 --- [http-nio-8080-exec-7] c.m.admin.paging.PagingAndSortingHelper  : PagingAndSortingArgumentResolver | createPageable | pageNum - 1 : 0
2022-03-18 00:32:40.704  INFO 27916 --- [http-nio-8080-exec-7] c.m.admin.paging.PagingAndSortingHelper  : PagingAndSortingArgumentResolver | createPageable | pageSize : 10
2022-03-18 00:32:40.709  INFO 27916 --- [http-nio-8080-exec-7] c.m.admin.paging.PagingAndSortingHelper  : PagingAndSortingArgumentResolver | listEntities | page : Page 1 of 1 containing com.molla.common.entity.ShippingRate instances
2022-03-18 00:32:40.709  INFO 27916 --- [http-nio-8080-exec-7] c.m.admin.paging.PagingAndSortingHelper  : PagingAndSortingArgumentResolver | listEntities | pageNum : 1
2022-03-18 00:32:40.709  INFO 27916 --- [http-nio-8080-exec-7] c.m.admin.paging.PagingAndSortingHelper  : PagingAndSortingArgumentResolver | updateModelAttributes is started
2022-03-18 00:32:40.709  INFO 27916 --- [http-nio-8080-exec-7] c.m.admin.paging.PagingAndSortingHelper  : PagingAndSortingArgumentResolver | updateModelAttributes | startCount : 1
2022-03-18 00:32:40.709  INFO 27916 --- [http-nio-8080-exec-7] c.m.admin.paging.PagingAndSortingHelper  : PagingAndSortingArgumentResolver | updateModelAttributes | endCount : 10
2022-03-18 00:32:40.710  INFO 27916 --- [http-nio-8080-exec-7] c.m.admin.paging.PagingAndSortingHelper  : PagingAndSortingArgumentResolver | updateModelAttributes | page.getTotalElements() : 5
2022-03-18 00:32:40.710  INFO 27916 --- [http-nio-8080-exec-7] c.m.admin.paging.PagingAndSortingHelper  : PagingAndSortingArgumentResolver | updateModelAttributes | endCount : 5
2022-03-18 00:32:40.710  INFO 27916 --- [http-nio-8080-exec-7] c.m.admin.paging.PagingAndSortingHelper  : PagingAndSortingArgumentResolver | updateModelAttributes | currentPage : 1
2022-03-18 00:32:40.710  INFO 27916 --- [http-nio-8080-exec-7] c.m.admin.paging.PagingAndSortingHelper  : PagingAndSortingArgumentResolver | updateModelAttributes | totalPages : 1
2022-03-18 00:32:40.710  INFO 27916 --- [http-nio-8080-exec-7] c.m.admin.paging.PagingAndSortingHelper  : PagingAndSortingArgumentResolver | updateModelAttributes | totalItems : 5
2022-03-18 00:32:40.710  INFO 27916 --- [http-nio-8080-exec-7] c.m.admin.paging.PagingAndSortingHelper  : PagingAndSortingArgumentResolver | updateModelAttributes | listName : [ShippingRate{id=2, rate=70.0, days=2, codSupported=true, country=Country [id=1, name=Egypt, code=EG], state='Cairo'}, ShippingRate{id=1, rate=150.0, days=3, codSupported=true, country=Country [id=1, name=Egypt, code=EG], state='Alexandria'}, ShippingRate{id=3, rate=180.0, days=4, codSupported=false, country=Country [id=1, name=Egypt, code=EG], state='Gharbia'}, ShippingRate{id=4, rate=100.0, days=5, codSupported=true, country=Country [id=1, name=Egypt, code=EG], state='Giza'}, ShippingRate{id=5, rate=120.0, days=5, codSupported=false, country=Country [id=1, name=Egypt, code=EG], state='Monufia'}]
2022-03-18 00:32:42.378  INFO 27916 --- [http-nio-8080-exec-7] c.m.a.p.PagingAndSortingArgumentResolver : PagingAndSortingArgumentResolver | resolveArgument | sortField : codSupported
2022-03-18 00:32:42.378  INFO 27916 --- [http-nio-8080-exec-7] c.m.a.p.PagingAndSortingArgumentResolver : PagingAndSortingArgumentResolver | resolveArgument | sortDir : asc
2022-03-18 00:32:42.378  INFO 27916 --- [http-nio-8080-exec-7] c.m.a.p.PagingAndSortingArgumentResolver : PagingAndSortingArgumentResolver | resolveArgument | reverseSortDir : desc
2022-03-18 00:32:42.378  INFO 27916 --- [http-nio-8080-exec-7] c.m.a.p.PagingAndSortingArgumentResolver : PagingAndSortingArgumentResolver | resolveArgument | keyword : null
2022-03-18 00:32:42.378  INFO 27916 --- [http-nio-8080-exec-7] c.m.a.p.PagingAndSortingArgumentResolver : PagingAndSortingArgumentResolver | resolveArgument | moduleURL : /shipping_rates
2022-03-18 00:32:42.378  INFO 27916 --- [http-nio-8080-exec-7] c.m.a.controller.ShippingRateController  : ShippingRateController | listByPage is called
2022-03-18 00:32:42.378  INFO 27916 --- [http-nio-8080-exec-7] c.m.a.controller.ShippingRateController  : ShippingRateController | listByPage | helper : com.molla.admin.paging.PagingAndSortingHelper@571cad1
2022-03-18 00:32:42.378  INFO 27916 --- [http-nio-8080-exec-7] c.m.a.controller.ShippingRateController  : ShippingRateController | listByPage | pageNum : 1
2022-03-18 00:32:42.380  INFO 27916 --- [http-nio-8080-exec-7] c.m.admin.paging.PagingAndSortingHelper  : PagingAndSortingArgumentResolver | listEntities is started
2022-03-18 00:32:42.380  INFO 27916 --- [http-nio-8080-exec-7] c.m.admin.paging.PagingAndSortingHelper  : PagingAndSortingArgumentResolver | createPageable is started
2022-03-18 00:32:42.380  INFO 27916 --- [http-nio-8080-exec-7] c.m.admin.paging.PagingAndSortingHelper  : PagingAndSortingArgumentResolver | createPageable | sort : codSupported: ASC
2022-03-18 00:32:42.380  INFO 27916 --- [http-nio-8080-exec-7] c.m.admin.paging.PagingAndSortingHelper  : PagingAndSortingArgumentResolver | createPageable | pageNum - 1 : 0
2022-03-18 00:32:42.380  INFO 27916 --- [http-nio-8080-exec-7] c.m.admin.paging.PagingAndSortingHelper  : PagingAndSortingArgumentResolver | createPageable | pageSize : 10
2022-03-18 00:32:42.385  INFO 27916 --- [http-nio-8080-exec-7] c.m.admin.paging.PagingAndSortingHelper  : PagingAndSortingArgumentResolver | listEntities | page : Page 1 of 1 containing com.molla.common.entity.ShippingRate instances
2022-03-18 00:32:42.385  INFO 27916 --- [http-nio-8080-exec-7] c.m.admin.paging.PagingAndSortingHelper  : PagingAndSortingArgumentResolver | listEntities | pageNum : 1
2022-03-18 00:32:42.385  INFO 27916 --- [http-nio-8080-exec-7] c.m.admin.paging.PagingAndSortingHelper  : PagingAndSortingArgumentResolver | updateModelAttributes is started
2022-03-18 00:32:42.385  INFO 27916 --- [http-nio-8080-exec-7] c.m.admin.paging.PagingAndSortingHelper  : PagingAndSortingArgumentResolver | updateModelAttributes | startCount : 1
2022-03-18 00:32:42.385  INFO 27916 --- [http-nio-8080-exec-7] c.m.admin.paging.PagingAndSortingHelper  : PagingAndSortingArgumentResolver | updateModelAttributes | endCount : 10
2022-03-18 00:32:42.385  INFO 27916 --- [http-nio-8080-exec-7] c.m.admin.paging.PagingAndSortingHelper  : PagingAndSortingArgumentResolver | updateModelAttributes | page.getTotalElements() : 5
2022-03-18 00:32:42.385  INFO 27916 --- [http-nio-8080-exec-7] c.m.admin.paging.PagingAndSortingHelper  : PagingAndSortingArgumentResolver | updateModelAttributes | endCount : 5
2022-03-18 00:32:42.385  INFO 27916 --- [http-nio-8080-exec-7] c.m.admin.paging.PagingAndSortingHelper  : PagingAndSortingArgumentResolver | updateModelAttributes | currentPage : 1
2022-03-18 00:32:42.385  INFO 27916 --- [http-nio-8080-exec-7] c.m.admin.paging.PagingAndSortingHelper  : PagingAndSortingArgumentResolver | updateModelAttributes | totalPages : 1
2022-03-18 00:32:42.385  INFO 27916 --- [http-nio-8080-exec-7] c.m.admin.paging.PagingAndSortingHelper  : PagingAndSortingArgumentResolver | updateModelAttributes | totalItems : 5
2022-03-18 00:32:42.385  INFO 27916 --- [http-nio-8080-exec-7] c.m.admin.paging.PagingAndSortingHelper  : PagingAndSortingArgumentResolver | updateModelAttributes | listName : [ShippingRate{id=3, rate=180.0, days=4, codSupported=false, country=Country [id=1, name=Egypt, code=EG], state='Gharbia'}, ShippingRate{id=5, rate=120.0, days=5, codSupported=false, country=Country [id=1, name=Egypt, code=EG], state='Monufia'}, ShippingRate{id=1, rate=150.0, days=3, codSupported=true, country=Country [id=1, name=Egypt, code=EG], state='Alexandria'}, ShippingRate{id=2, rate=70.0, days=2, codSupported=true, country=Country [id=1, name=Egypt, code=EG], state='Cairo'}, ShippingRate{id=4, rate=100.0, days=5, codSupported=true, country=Country [id=1, name=Egypt, code=EG], state='Giza'}]
2022-03-18 00:32:43.305  INFO 27916 --- [http-nio-8080-exec-7] c.m.a.p.PagingAndSortingArgumentResolver : PagingAndSortingArgumentResolver | resolveArgument | sortField : codSupported
2022-03-18 00:32:43.305  INFO 27916 --- [http-nio-8080-exec-7] c.m.a.p.PagingAndSortingArgumentResolver : PagingAndSortingArgumentResolver | resolveArgument | sortDir : desc
2022-03-18 00:32:43.305  INFO 27916 --- [http-nio-8080-exec-7] c.m.a.p.PagingAndSortingArgumentResolver : PagingAndSortingArgumentResolver | resolveArgument | reverseSortDir : asc
2022-03-18 00:32:43.305  INFO 27916 --- [http-nio-8080-exec-7] c.m.a.p.PagingAndSortingArgumentResolver : PagingAndSortingArgumentResolver | resolveArgument | keyword : null
2022-03-18 00:32:43.305  INFO 27916 --- [http-nio-8080-exec-7] c.m.a.p.PagingAndSortingArgumentResolver : PagingAndSortingArgumentResolver | resolveArgument | moduleURL : /shipping_rates
2022-03-18 00:32:43.306  INFO 27916 --- [http-nio-8080-exec-7] c.m.a.controller.ShippingRateController  : ShippingRateController | listByPage is called
2022-03-18 00:32:43.306  INFO 27916 --- [http-nio-8080-exec-7] c.m.a.controller.ShippingRateController  : ShippingRateController | listByPage | helper : com.molla.admin.paging.PagingAndSortingHelper@21d71fad
2022-03-18 00:32:43.306  INFO 27916 --- [http-nio-8080-exec-7] c.m.a.controller.ShippingRateController  : ShippingRateController | listByPage | pageNum : 1
2022-03-18 00:32:43.307  INFO 27916 --- [http-nio-8080-exec-7] c.m.admin.paging.PagingAndSortingHelper  : PagingAndSortingArgumentResolver | listEntities is started
2022-03-18 00:32:43.307  INFO 27916 --- [http-nio-8080-exec-7] c.m.admin.paging.PagingAndSortingHelper  : PagingAndSortingArgumentResolver | createPageable is started
2022-03-18 00:32:43.307  INFO 27916 --- [http-nio-8080-exec-7] c.m.admin.paging.PagingAndSortingHelper  : PagingAndSortingArgumentResolver | createPageable | sort : codSupported: DESC
2022-03-18 00:32:43.307  INFO 27916 --- [http-nio-8080-exec-7] c.m.admin.paging.PagingAndSortingHelper  : PagingAndSortingArgumentResolver | createPageable | pageNum - 1 : 0
2022-03-18 00:32:43.307  INFO 27916 --- [http-nio-8080-exec-7] c.m.admin.paging.PagingAndSortingHelper  : PagingAndSortingArgumentResolver | createPageable | pageSize : 10
2022-03-18 00:32:43.311  INFO 27916 --- [http-nio-8080-exec-7] c.m.admin.paging.PagingAndSortingHelper  : PagingAndSortingArgumentResolver | listEntities | page : Page 1 of 1 containing com.molla.common.entity.ShippingRate instances
2022-03-18 00:32:43.311  INFO 27916 --- [http-nio-8080-exec-7] c.m.admin.paging.PagingAndSortingHelper  : PagingAndSortingArgumentResolver | listEntities | pageNum : 1
2022-03-18 00:32:43.311  INFO 27916 --- [http-nio-8080-exec-7] c.m.admin.paging.PagingAndSortingHelper  : PagingAndSortingArgumentResolver | updateModelAttributes is started
2022-03-18 00:32:43.312  INFO 27916 --- [http-nio-8080-exec-7] c.m.admin.paging.PagingAndSortingHelper  : PagingAndSortingArgumentResolver | updateModelAttributes | startCount : 1
2022-03-18 00:32:43.312  INFO 27916 --- [http-nio-8080-exec-7] c.m.admin.paging.PagingAndSortingHelper  : PagingAndSortingArgumentResolver | updateModelAttributes | endCount : 10
2022-03-18 00:32:43.312  INFO 27916 --- [http-nio-8080-exec-7] c.m.admin.paging.PagingAndSortingHelper  : PagingAndSortingArgumentResolver | updateModelAttributes | page.getTotalElements() : 5
2022-03-18 00:32:43.312  INFO 27916 --- [http-nio-8080-exec-7] c.m.admin.paging.PagingAndSortingHelper  : PagingAndSortingArgumentResolver | updateModelAttributes | endCount : 5
2022-03-18 00:32:43.312  INFO 27916 --- [http-nio-8080-exec-7] c.m.admin.paging.PagingAndSortingHelper  : PagingAndSortingArgumentResolver | updateModelAttributes | currentPage : 1
2022-03-18 00:32:43.312  INFO 27916 --- [http-nio-8080-exec-7] c.m.admin.paging.PagingAndSortingHelper  : PagingAndSortingArgumentResolver | updateModelAttributes | totalPages : 1
2022-03-18 00:32:43.312  INFO 27916 --- [http-nio-8080-exec-7] c.m.admin.paging.PagingAndSortingHelper  : PagingAndSortingArgumentResolver | updateModelAttributes | totalItems : 5
2022-03-18 00:32:43.312  INFO 27916 --- [http-nio-8080-exec-7] c.m.admin.paging.PagingAndSortingHelper  : PagingAndSortingArgumentResolver | updateModelAttributes | listName : [ShippingRate{id=1, rate=150.0, days=3, codSupported=true, country=Country [id=1, name=Egypt, code=EG], state='Alexandria'}, ShippingRate{id=2, rate=70.0, days=2, codSupported=true, country=Country [id=1, name=Egypt, code=EG], state='Cairo'}, ShippingRate{id=4, rate=100.0, days=5, codSupported=true, country=Country [id=1, name=Egypt, code=EG], state='Giza'}, ShippingRate{id=3, rate=180.0, days=4, codSupported=false, country=Country [id=1, name=Egypt, code=EG], state='Gharbia'}, ShippingRate{id=5, rate=120.0, days=5, codSupported=false, country=Country [id=1, name=Egypt, code=EG], state='Monufia'}]
